[1221/092505.929:ERROR:directory_reader_win.cc(43)] FindFirstFile: Le chemin d’accès spécifié est introuvable. (0x3)
[1221/235932.491:ERROR:process_reader_win.cc(151)] SuspendThread: Accès refusé. (0x5)
[1221/235933.359:ERROR:exception_snapshot_win.cc(99)] thread ID 6996 not found in process
[1222/001437.331:ERROR:directory_reader_win.cc(43)] FindFirstFile: Le chemin d’accès spécifié est introuvable. (0x3)
[1222/002553.689:ERROR:process_memory_win.cc(73)] ReadMemory at 0x86305ef000 of 69632 bytes failed: Seule une partie d’une requête ReadProcessMemory ou WriteProcessMemory a été effectuée. (0x12B)
[1222/002553.826:ERROR:process_memory_win.cc(73)] ReadMemory at 0x8630dfe000 of 8192 bytes failed: Seule une partie d’une requête ReadProcessMemory ou WriteProcessMemory a été effectuée. (0x12B)
[1222/002554.096:ERROR:process_memory_win.cc(73)] ReadMemory at 0x8631dfe000 of 8192 bytes failed: Seule une partie d’une requête ReadProcessMemory ou WriteProcessMemory a été effectuée. (0x12B)
[1222/002554.096:ERROR:process_memory_win.cc(73)] ReadMemory at 0x86325fc000 of 16384 bytes failed: Seule une partie d’une requête ReadProcessMemory ou WriteProcessMemory a été effectuée. (0x12B)
[1222/002554.096:ERROR:process_memory_win.cc(73)] ReadMemory at 0x8632dff000 of 4096 bytes failed: Seule une partie d’une requête ReadProcessMemory ou WriteProcessMemory a été effectuée. (0x12B)
[1222/002554.096:ERROR:process_memory_win.cc(73)] ReadMemory at 0x86335fe000 of 8192 bytes failed: Seule une partie d’une requête ReadProcessMemory ou WriteProcessMemory a été effectuée. (0x12B)
[1222/002554.096:ERROR:process_memory_win.cc(73)] ReadMemory at 0x8633dfd000 of 12288 bytes failed: Seule une partie d’une requête ReadProcessMemory ou WriteProcessMemory a été effectuée. (0x12B)
[1222/002554.096:ERROR:process_memory_win.cc(73)] ReadMemory at 0x8634dfe000 of 8192 bytes failed: Seule une partie d’une requête ReadProcessMemory ou WriteProcessMemory a été effectuée. (0x12B)
[1222/002554.097:ERROR:process_memory_win.cc(73)] ReadMemory at 0x86355fc000 of 16384 bytes failed: Seule une partie d’une requête ReadProcessMemory ou WriteProcessMemory a été effectuée. (0x12B)
[1222/002554.097:ERROR:process_memory_win.cc(73)] ReadMemory at 0x8635dfc000 of 16384 bytes failed: Seule une partie d’une requête ReadProcessMemory ou WriteProcessMemory a été effectuée. (0x12B)
[1222/002554.097:ERROR:process_memory_win.cc(73)] ReadMemory at 0x86365fe000 of 8192 bytes failed: Seule une partie d’une requête ReadProcessMemory ou WriteProcessMemory a été effectuée. (0x12B)
[1222/002554.097:ERROR:process_memory_win.cc(73)] ReadMemory at 0x8637dfe000 of 8192 bytes failed: Seule une partie d’une requête ReadProcessMemory ou WriteProcessMemory a été effectuée. (0x12B)
[1222/002554.097:ERROR:process_memory_win.cc(73)] ReadMemory at 0x863d5fd000 of 12288 bytes failed: Seule une partie d’une requête ReadProcessMemory ou WriteProcessMemory a été effectuée. (0x12B)
[1222/002554.097:ERROR:process_memory_win.cc(73)] ReadMemory at 0x863ddfd000 of 12288 bytes failed: Seule une partie d’une requête ReadProcessMemory ou WriteProcessMemory a été effectuée. (0x12B)
[1222/002554.097:ERROR:process_memory_win.cc(73)] ReadMemory at 0x863e5fd000 of 12288 bytes failed: Seule une partie d’une requête ReadProcessMemory ou WriteProcessMemory a été effectuée. (0x12B)
[1222/002554.097:ERROR:process_memory_win.cc(73)] ReadMemory at 0x863edff000 of 4096 bytes failed: Seule une partie d’une requête ReadProcessMemory ou WriteProcessMemory a été effectuée. (0x12B)
[1222/002554.097:ERROR:process_memory_win.cc(73)] ReadMemory at 0x862fd3f000 of 852 bytes failed: Seule une partie d’une requête ReadProcessMemory ou WriteProcessMemory a été effectuée. (0x12B)
[1222/002554.098:ERROR:process_memory_win.cc(73)] ReadMemory at 0x862fd40000 of 6024 bytes failed: Seule une partie d’une requête ReadProcessMemory ou WriteProcessMemory a été effectuée. (0x12B)
[1222/002554.098:ERROR:process_memory_win.cc(73)] ReadMemory at 0x862fd42000 of 6024 bytes failed: Seule une partie d’une requête ReadProcessMemory ou WriteProcessMemory a été effectuée. (0x12B)
[1222/002554.098:ERROR:process_memory_win.cc(73)] ReadMemory at 0x862fd46000 of 6024 bytes failed: Seule une partie d’une requête ReadProcessMemory ou WriteProcessMemory a été effectuée. (0x12B)
[1222/002554.098:ERROR:process_memory_win.cc(73)] ReadMemory at 0x862fd48000 of 6024 bytes failed: Seule une partie d’une requête ReadProcessMemory ou WriteProcessMemory a été effectuée. (0x12B)
[1222/002554.098:ERROR:process_memory_win.cc(73)] ReadMemory at 0x862fd4a000 of 6024 bytes failed: Seule une partie d’une requête ReadProcessMemory ou WriteProcessMemory a été effectuée. (0x12B)
[1222/002554.098:ERROR:process_memory_win.cc(73)] ReadMemory at 0x862fd4c000 of 6024 bytes failed: Seule une partie d’une requête ReadProcessMemory ou WriteProcessMemory a été effectuée. (0x12B)
[1222/002554.098:ERROR:process_memory_win.cc(73)] ReadMemory at 0x862fd4e000 of 6024 bytes failed: Seule une partie d’une requête ReadProcessMemory ou WriteProcessMemory a été effectuée. (0x12B)
[1222/002554.099:ERROR:process_memory_win.cc(73)] ReadMemory at 0x862fd52000 of 6024 bytes failed: Seule une partie d’une requête ReadProcessMemory ou WriteProcessMemory a été effectuée. (0x12B)
[1222/002554.099:ERROR:process_memory_win.cc(73)] ReadMemory at 0x862fd54000 of 6024 bytes failed: Seule une partie d’une requête ReadProcessMemory ou WriteProcessMemory a été effectuée. (0x12B)
[1222/002554.099:ERROR:process_memory_win.cc(73)] ReadMemory at 0x862fd56000 of 6024 bytes failed: Seule une partie d’une requête ReadProcessMemory ou WriteProcessMemory a été effectuée. (0x12B)
[1222/002554.099:ERROR:process_memory_win.cc(73)] ReadMemory at 0x862fd58000 of 6024 bytes failed: Seule une partie d’une requête ReadProcessMemory ou WriteProcessMemory a été effectuée. (0x12B)
[1222/002554.099:ERROR:process_memory_win.cc(73)] ReadMemory at 0x862fd5e000 of 6024 bytes failed: Seule une partie d’une requête ReadProcessMemory ou WriteProcessMemory a été effectuée. (0x12B)
[1222/002554.099:ERROR:process_memory_win.cc(73)] ReadMemory at 0x862fd74000 of 6024 bytes failed: Seule une partie d’une requête ReadProcessMemory ou WriteProcessMemory a été effectuée. (0x12B)
[1222/002554.099:ERROR:process_memory_win.cc(73)] ReadMemory at 0x862fd76000 of 6024 bytes failed: Seule une partie d’une requête ReadProcessMemory ou WriteProcessMemory a été effectuée. (0x12B)
[1222/002554.099:ERROR:process_memory_win.cc(73)] ReadMemory at 0x862fd78000 of 6024 bytes failed: Seule une partie d’une requête ReadProcessMemory ou WriteProcessMemory a été effectuée. (0x12B)
[1222/002554.100:ERROR:process_memory_win.cc(73)] ReadMemory at 0x862fd7a000 of 6024 bytes failed: Seule une partie d’une requête ReadProcessMemory ou WriteProcessMemory a été effectuée. (0x12B)
[1222/002554.100:ERROR:process_memory_win.cc(73)] ReadMemory at 0x1ba181022d0 of 512 bytes failed: Seule une partie d’une requête ReadProcessMemory ou WriteProcessMemory a été effectuée. (0x12B)
[1222/002554.100:ERROR:process_memory_win.cc(73)] ReadMemory at 0x1ba1dd36c20 of 512 bytes failed: Seule une partie d’une requête ReadProcessMemory ou WriteProcessMemory a été effectuée. (0x12B)
[1222/002554.100:ERROR:process_memory_win.cc(73)] ReadMemory at 0x1ba1dd37820 of 512 bytes failed: Seule une partie d’une requête ReadProcessMemory ou WriteProcessMemory a été effectuée. (0x12B)
[1222/002554.100:ERROR:process_memory_win.cc(73)] ReadMemory at 0x1ba3e610000 of 720 bytes failed: Seule une partie d’une requête ReadProcessMemory ou WriteProcessMemory a été effectuée. (0x12B)
[1222/002554.100:ERROR:process_memory_win.cc(73)] ReadMemory at 0x1ba3e610860 of 16804 bytes failed: Seule une partie d’une requête ReadProcessMemory ou WriteProcessMemory a été effectuée. (0x12B)
[1222/002554.100:ERROR:process_memory_win.cc(73)] ReadMemory at 0x1ba3e614a10 of 1012 bytes failed: Seule une partie d’une requête ReadProcessMemory ou WriteProcessMemory a été effectuée. (0x12B)
[1222/002554.100:ERROR:process_memory_win.cc(73)] ReadMemory at 0x1ba3e615028 of 118 bytes failed: Seule une partie d’une requête ReadProcessMemory ou WriteProcessMemory a été effectuée. (0x12B)
[1222/002554.100:ERROR:process_memory_win.cc(73)] ReadMemory at 0x1ba3e6150a0 of 702 bytes failed: Seule une partie d’une requête ReadProcessMemory ou WriteProcessMemory a été effectuée. (0x12B)
[1222/002554.101:ERROR:process_memory_win.cc(73)] ReadMemory at 0x1ba3e615360 of 118 bytes failed: Seule une partie d’une requête ReadProcessMemory ou WriteProcessMemory a été effectuée. (0x12B)
[1222/002554.160:ERROR:process_memory_win.cc(73)] ReadMemory at 0x1ba3e6153d8 of 98 bytes failed: Seule une partie d’une requête ReadProcessMemory ou WriteProcessMemory a été effectuée. (0x12B)
[1222/002554.160:ERROR:process_memory_win.cc(73)] ReadMemory at 0x1ba3e615450 of 58 bytes failed: Seule une partie d’une requête ReadProcessMemory ou WriteProcessMemory a été effectuée. (0x12B)
[1222/002554.160:ERROR:process_memory_win.cc(73)] ReadMemory at 0x1ba3e615550 of 132 bytes failed: Seule une partie d’une requête ReadProcessMemory ou WriteProcessMemory a été effectuée. (0x12B)
[1222/002554.240:ERROR:process_memory_win.cc(73)] ReadMemory at 0x1ba3e6156d0 of 132 bytes failed: Seule une partie d’une requête ReadProcessMemory ou WriteProcessMemory a été effectuée. (0x12B)
[1222/002554.241:ERROR:process_memory_win.cc(73)] ReadMemory at 0x1ba3e615880 of 124 bytes failed: Seule une partie d’une requête ReadProcessMemory ou WriteProcessMemory a été effectuée. (0x12B)
[1222/002554.241:ERROR:process_memory_win.cc(73)] ReadMemory at 0x1ba3e615d50 of 132 bytes failed: Seule une partie d’une requête ReadProcessMemory ou WriteProcessMemory a été effectuée. (0x12B)
[1222/002554.241:ERROR:process_memory_win.cc(73)] ReadMemory at 0x1ba3e615ed0 of 64 bytes failed: Seule une partie d’une requête ReadProcessMemory ou WriteProcessMemory a été effectuée. (0x12B)
[1222/002554.241:ERROR:process_memory_win.cc(73)] ReadMemory at 0x1ba3e616220 of 132 bytes failed: Seule une partie d’une requête ReadProcessMemory ou WriteProcessMemory a été effectuée. (0x12B)
[1222/002554.241:ERROR:process_memory_win.cc(73)] ReadMemory at 0x1ba3e6163a0 of 68 bytes failed: Seule une partie d’une requête ReadProcessMemory ou WriteProcessMemory a été effectuée. (0x12B)
[1222/002554.241:ERROR:process_memory_win.cc(73)] ReadMemory at 0x1ba3e617480 of 132 bytes failed: Seule une partie d’une requête ReadProcessMemory ou WriteProcessMemory a été effectuée. (0x12B)
[1222/002554.242:ERROR:process_memory_win.cc(73)] ReadMemory at 0x1ba3e617660 of 132 bytes failed: Seule une partie d’une requête ReadProcessMemory ou WriteProcessMemory a été effectuée. (0x12B)
[1222/002554.242:ERROR:process_memory_win.cc(73)] ReadMemory at 0x1ba3e617780 of 152 bytes failed: Seule une partie d’une requête ReadProcessMemory ou WriteProcessMemory a été effectuée. (0x12B)
[1222/002554.242:ERROR:process_memory_win.cc(73)] ReadMemory at 0x1ba3e618470 of 132 bytes failed: Seule une partie d’une requête ReadProcessMemory ou WriteProcessMemory a été effectuée. (0x12B)
[1222/002554.242:ERROR:process_memory_win.cc(73)] ReadMemory at 0x1ba3e6185f0 of 60 bytes failed: Seule une partie d’une requête ReadProcessMemory ou WriteProcessMemory a été effectuée. (0x12B)
[1222/002554.242:ERROR:process_memory_win.cc(73)] ReadMemory at 0x1ba3e618f10 of 62 bytes failed: Seule une partie d’une requête ReadProcessMemory ou WriteProcessMemory a été effectuée. (0x12B)
[1222/002554.243:ERROR:process_memory_win.cc(73)] ReadMemory at 0x1ba3e6292e0 of 54 bytes failed: Seule une partie d’une requête ReadProcessMemory ou WriteProcessMemory a été effectuée. (0x12B)
[1222/002554.248:ERROR:process_memory_win.cc(73)] ReadMemory at 0x1ba3e62c180 of 132 bytes failed: Seule une partie d’une requête ReadProcessMemory ou WriteProcessMemory a été effectuée. (0x12B)
[1222/002554.265:ERROR:process_memory_win.cc(73)] ReadMemory at 0x1ba3e62c4d0 of 132 bytes failed: Seule une partie d’une requête ReadProcessMemory ou WriteProcessMemory a été effectuée. (0x12B)
[1222/002554.265:ERROR:process_memory_win.cc(73)] ReadMemory at 0x1ba3e62c880 of 132 bytes failed: Seule une partie d’une requête ReadProcessMemory ou WriteProcessMemory a été effectuée. (0x12B)
[1222/002554.265:ERROR:process_memory_win.cc(73)] ReadMemory at 0x1ba3e62cad0 of 132 bytes failed: Seule une partie d’une requête ReadProcessMemory ou WriteProcessMemory a été effectuée. (0x12B)
[1222/002554.337:ERROR:process_memory_win.cc(73)] ReadMemory at 0x1ba3e62d4f0 of 144 bytes failed: Seule une partie d’une requête ReadProcessMemory ou WriteProcessMemory a été effectuée. (0x12B)
[1222/002554.338:ERROR:process_memory_win.cc(73)] ReadMemory at 0x1ba3e62d5d0 of 132 bytes failed: Seule une partie d’une requête ReadProcessMemory ou WriteProcessMemory a été effectuée. (0x12B)
[1222/002554.338:ERROR:process_memory_win.cc(73)] ReadMemory at 0x1ba3e62e3b0 of 80 bytes failed: Seule une partie d’une requête ReadProcessMemory ou WriteProcessMemory a été effectuée. (0x12B)
[1222/002554.338:ERROR:process_memory_win.cc(73)] ReadMemory at 0x1ba3e62fbf0 of 132 bytes failed: Seule une partie d’une requête ReadProcessMemory ou WriteProcessMemory a été effectuée. (0x12B)
[1222/002554.338:ERROR:process_memory_win.cc(73)] ReadMemory at 0x1ba3e62fdd0 of 132 bytes failed: Seule une partie d’une requête ReadProcessMemory ou WriteProcessMemory a été effectuée. (0x12B)
[1222/002554.338:ERROR:process_memory_win.cc(73)] ReadMemory at 0x1ba3e6302f0 of 80 bytes failed: Seule une partie d’une requête ReadProcessMemory ou WriteProcessMemory a été effectuée. (0x12B)
[1222/002554.338:ERROR:process_memory_win.cc(73)] ReadMemory at 0x1ba3e630a70 of 64 bytes failed: Seule une partie d’une requête ReadProcessMemory ou WriteProcessMemory a été effectuée. (0x12B)
[1222/002554.338:ERROR:process_memory_win.cc(73)] ReadMemory at 0x1ba3e630ac0 of 64 bytes failed: Seule une partie d’une requête ReadProcessMemory ou WriteProcessMemory a été effectuée. (0x12B)
[1222/002554.338:ERROR:process_memory_win.cc(73)] ReadMemory at 0x1ba3e630b10 of 62 bytes failed: Seule une partie d’une requête ReadProcessMemory ou WriteProcessMemory a été effectuée. (0x12B)
[1222/002554.338:ERROR:process_memory_win.cc(73)] ReadMemory at 0x1ba3e630b60 of 64 bytes failed: Seule une partie d’une requête ReadProcessMemory ou WriteProcessMemory a été effectuée. (0x12B)
[1222/002554.339:ERROR:process_memory_win.cc(73)] ReadMemory at 0x1ba3e630bb0 of 66 bytes failed: Seule une partie d’une requête ReadProcessMemory ou WriteProcessMemory a été effectuée. (0x12B)
[1222/002554.339:ERROR:process_memory_win.cc(73)] ReadMemory at 0x1ba3e630c00 of 64 bytes failed: Seule une partie d’une requête ReadProcessMemory ou WriteProcessMemory a été effectuée. (0x12B)
[1222/002554.339:ERROR:process_memory_win.cc(73)] ReadMemory at 0x1ba3e630c50 of 60 bytes failed: Seule une partie d’une requête ReadProcessMemory ou WriteProcessMemory a été effectuée. (0x12B)
[1222/002554.339:ERROR:process_memory_win.cc(73)] ReadMemory at 0x1ba3e630d90 of 62 bytes failed: Seule une partie d’une requête ReadProcessMemory ou WriteProcessMemory a été effectuée. (0x12B)
[1222/002554.339:ERROR:process_memory_win.cc(73)] ReadMemory at 0x1ba3e630e80 of 62 bytes failed: Seule une partie d’une requête ReadProcessMemory ou WriteProcessMemory a été effectuée. (0x12B)
[1222/002554.339:ERROR:process_memory_win.cc(73)] ReadMemory at 0x1ba3e630ed0 of 64 bytes failed: Seule une partie d’une requête ReadProcessMemory ou WriteProcessMemory a été effectuée. (0x12B)
[1222/002554.339:ERROR:process_memory_win.cc(73)] ReadMemory at 0x1ba3e630fc0 of 60 bytes failed: Seule une partie d’une requête ReadProcessMemory ou WriteProcessMemory a été effectuée. (0x12B)
[1222/002554.339:ERROR:process_memory_win.cc(73)] ReadMemory at 0x1ba3e631010 of 62 bytes failed: Seule une partie d’une requête ReadProcessMemory ou WriteProcessMemory a été effectuée. (0x12B)
[1222/002554.339:ERROR:process_memory_win.cc(73)] ReadMemory at 0x1ba3e631150 of 62 bytes failed: Seule une partie d’une requête ReadProcessMemory ou WriteProcessMemory a été effectuée. (0x12B)
[1222/002554.393:ERROR:process_memory_win.cc(73)] ReadMemory at 0x1ba3e6312e0 of 60 bytes failed: Seule une partie d’une requête ReadProcessMemory ou WriteProcessMemory a été effectuée. (0x12B)
[1222/002554.393:ERROR:process_memory_win.cc(73)] ReadMemory at 0x1ba3e631330 of 62 bytes failed: Seule une partie d’une requête ReadProcessMemory ou WriteProcessMemory a été effectuée. (0x12B)
[1222/002554.393:ERROR:process_memory_win.cc(73)] ReadMemory at 0x1ba3e6313d0 of 58 bytes failed: Seule une partie d’une requête ReadProcessMemory ou WriteProcessMemory a été effectuée. (0x12B)
[1222/002554.393:ERROR:process_memory_win.cc(73)] ReadMemory at 0x1ba3e631420 of 62 bytes failed: Seule une partie d’une requête ReadProcessMemory ou WriteProcessMemory a été effectuée. (0x12B)
[1222/002554.432:ERROR:process_memory_win.cc(73)] ReadMemory at 0x1ba3e631470 of 58 bytes failed: Seule une partie d’une requête ReadProcessMemory ou WriteProcessMemory a été effectuée. (0x12B)
[1222/002554.432:ERROR:process_memory_win.cc(73)] ReadMemory at 0x1ba3e631560 of 64 bytes failed: Seule une partie d’une requête ReadProcessMemory ou WriteProcessMemory a été effectuée. (0x12B)
[1222/002554.432:ERROR:process_memory_win.cc(73)] ReadMemory at 0x1ba3e6315b0 of 62 bytes failed: Seule une partie d’une requête ReadProcessMemory ou WriteProcessMemory a été effectuée. (0x12B)
[1222/002554.432:ERROR:process_memory_win.cc(73)] ReadMemory at 0x1ba3e631600 of 62 bytes failed: Seule une partie d’une requête ReadProcessMemory ou WriteProcessMemory a été effectuée. (0x12B)
[1222/002554.461:ERROR:process_memory_win.cc(73)] ReadMemory at 0x1ba3e631650 of 64 bytes failed: Seule une partie d’une requête ReadProcessMemory ou WriteProcessMemory a été effectuée. (0x12B)
[1222/002554.461:ERROR:process_memory_win.cc(73)] ReadMemory at 0x1ba3e6316a0 of 60 bytes failed: Seule une partie d’une requête ReadProcessMemory ou WriteProcessMemory a été effectuée. (0x12B)
[1222/002554.461:ERROR:process_memory_win.cc(73)] ReadMemory at 0x1ba3e6317e0 of 60 bytes failed: Seule une partie d’une requête ReadProcessMemory ou WriteProcessMemory a été effectuée. (0x12B)
[1222/002554.461:ERROR:process_memory_win.cc(73)] ReadMemory at 0x1ba3e6318d0 of 60 bytes failed: Seule une partie d’une requête ReadProcessMemory ou WriteProcessMemory a été effectuée. (0x12B)
[1222/002554.461:ERROR:process_memory_win.cc(73)] ReadMemory at 0x1ba3e6341c0 of 132 bytes failed: Seule une partie d’une requête ReadProcessMemory ou WriteProcessMemory a été effectuée. (0x12B)
[1222/002554.461:ERROR:process_memory_win.cc(73)] ReadMemory at 0x1ba3e6343a0 of 132 bytes failed: Seule une partie d’une requête ReadProcessMemory ou WriteProcessMemory a été effectuée. (0x12B)
[1222/002554.461:ERROR:process_memory_win.cc(73)] ReadMemory at 0x1ba3e634670 of 132 bytes failed: Seule une partie d’une requête ReadProcessMemory ou WriteProcessMemory a été effectuée. (0x12B)
[1222/002554.461:ERROR:process_memory_win.cc(73)] ReadMemory at 0x1ba3e6347e0 of 132 bytes failed: Seule une partie d’une requête ReadProcessMemory ou WriteProcessMemory a été effectuée. (0x12B)
[1222/002554.461:ERROR:process_memory_win.cc(73)] ReadMemory at 0x1ba3e634900 of 132 bytes failed: Seule une partie d’une requête ReadProcessMemory ou WriteProcessMemory a été effectuée. (0x12B)
[1222/002554.462:ERROR:process_memory_win.cc(73)] ReadMemory at 0x1ba3e634b40 of 132 bytes failed: Seule une partie d’une requête ReadProcessMemory ou WriteProcessMemory a été effectuée. (0x12B)
[1222/002554.462:ERROR:process_memory_win.cc(73)] ReadMemory at 0x1ba3e634c60 of 132 bytes failed: Seule une partie d’une requête ReadProcessMemory ou WriteProcessMemory a été effectuée. (0x12B)
[1222/002554.462:ERROR:process_memory_win.cc(73)] ReadMemory at 0x1ba3e634d80 of 132 bytes failed: Seule une partie d’une requête ReadProcessMemory ou WriteProcessMemory a été effectuée. (0x12B)
[1222/002554.462:ERROR:process_memory_win.cc(73)] ReadMemory at 0x1ba3e634ea0 of 132 bytes failed: Seule une partie d’une requête ReadProcessMemory ou WriteProcessMemory a été effectuée. (0x12B)
[1222/002554.462:ERROR:process_memory_win.cc(73)] ReadMemory at 0x1ba3e634fc0 of 132 bytes failed: Seule une partie d’une requête ReadProcessMemory ou WriteProcessMemory a été effectuée. (0x12B)
[1222/002554.462:ERROR:process_memory_win.cc(73)] ReadMemory at 0x1ba3e6350e0 of 132 bytes failed: Seule une partie d’une requête ReadProcessMemory ou WriteProcessMemory a été effectuée. (0x12B)
[1222/002554.462:ERROR:process_memory_win.cc(73)] ReadMemory at 0x1ba3e635320 of 132 bytes failed: Seule une partie d’une requête ReadProcessMemory ou WriteProcessMemory a été effectuée. (0x12B)
[1222/002554.462:ERROR:process_memory_win.cc(73)] ReadMemory at 0x1ba3e635440 of 132 bytes failed: Seule une partie d’une requête ReadProcessMemory ou WriteProcessMemory a été effectuée. (0x12B)
[1222/002554.462:ERROR:process_memory_win.cc(73)] ReadMemory at 0x1ba3e635560 of 132 bytes failed: Seule une partie d’une requête ReadProcessMemory ou WriteProcessMemory a été effectuée. (0x12B)
[1222/002554.599:ERROR:process_memory_win.cc(73)] ReadMemory at 0x1ba3e637810 of 132 bytes failed: Seule une partie d’une requête ReadProcessMemory ou WriteProcessMemory a été effectuée. (0x12B)
[1222/002554.599:ERROR:process_memory_win.cc(73)] ReadMemory at 0x1ba3e637930 of 132 bytes failed: Seule une partie d’une requête ReadProcessMemory ou WriteProcessMemory a été effectuée. (0x12B)
[1222/002554.599:ERROR:process_memory_win.cc(73)] ReadMemory at 0x1ba3e637db0 of 132 bytes failed: Seule une partie d’une requête ReadProcessMemory ou WriteProcessMemory a été effectuée. (0x12B)
[1222/002554.599:ERROR:process_memory_win.cc(73)] ReadMemory at 0x1ba3e637ff0 of 132 bytes failed: Seule une partie d’une requête ReadProcessMemory ou WriteProcessMemory a été effectuée. (0x12B)
[1222/002554.599:ERROR:process_memory_win.cc(73)] ReadMemory at 0x1ba3e638350 of 132 bytes failed: Seule une partie d’une requête ReadProcessMemory ou WriteProcessMemory a été effectuée. (0x12B)
[1222/002554.599:ERROR:process_memory_win.cc(73)] ReadMemory at 0x1ba3e638fb0 of 132 bytes failed: Seule une partie d’une requête ReadProcessMemory ou WriteProcessMemory a été effectuée. (0x12B)
[1222/002554.599:ERROR:process_memory_win.cc(73)] ReadMemory at 0x1ba3e6390d0 of 132 bytes failed: Seule une partie d’une requête ReadProcessMemory ou WriteProcessMemory a été effectuée. (0x12B)
[1222/002554.600:ERROR:process_memory_win.cc(73)] ReadMemory at 0x1ba3e639310 of 132 bytes failed: Seule une partie d’une requête ReadProcessMemory ou WriteProcessMemory a été effectuée. (0x12B)
[1222/002554.600:ERROR:process_memory_win.cc(73)] ReadMemory at 0x1ba3e639430 of 132 bytes failed: Seule une partie d’une requête ReadProcessMemory ou WriteProcessMemory a été effectuée. (0x12B)
[1222/002554.600:ERROR:process_memory_win.cc(73)] ReadMemory at 0x1ba3e63d280 of 58 bytes failed: Seule une partie d’une requête ReadProcessMemory ou WriteProcessMemory a été effectuée. (0x12B)
[1222/002554.600:ERROR:process_memory_win.cc(73)] ReadMemory at 0x1ba3e67fe80 of 560 bytes failed: Seule une partie d’une requête ReadProcessMemory ou WriteProcessMemory a été effectuée. (0x12B)
[1222/002554.600:ERROR:process_memory_win.cc(73)] ReadMemory at 0x1ba3e69e220 of 512 bytes failed: Seule une partie d’une requête ReadProcessMemory ou WriteProcessMemory a été effectuée. (0x12B)
[1222/002554.600:ERROR:process_memory_win.cc(73)] ReadMemory at 0x1ba3e69f370 of 512 bytes failed: Seule une partie d’une requête ReadProcessMemory ou WriteProcessMemory a été effectuée. (0x12B)
[1222/002554.600:ERROR:process_memory_win.cc(73)] ReadMemory at 0x1ba3e6a0d80 of 712 bytes failed: Seule une partie d’une requête ReadProcessMemory ou WriteProcessMemory a été effectuée. (0x12B)
[1222/002554.600:ERROR:process_memory_win.cc(73)] ReadMemory at 0x1ba3e6ab110 of 512 bytes failed: Seule une partie d’une requête ReadProcessMemory ou WriteProcessMemory a été effectuée. (0x12B)
[1222/002554.600:ERROR:process_memory_win.cc(73)] ReadMemory at 0x1ba3e6cabf0 of 512 bytes failed: Seule une partie d’une requête ReadProcessMemory ou WriteProcessMemory a été effectuée. (0x12B)
[1222/002554.601:ERROR:process_memory_win.cc(73)] ReadMemory at 0x1ba3e6d7170 of 512 bytes failed: Seule une partie d’une requête ReadProcessMemory ou WriteProcessMemory a été effectuée. (0x12B)
[1222/002554.601:ERROR:process_memory_win.cc(73)] ReadMemory at 0x1ba3e6f3200 of 512 bytes failed: Seule une partie d’une requête ReadProcessMemory ou WriteProcessMemory a été effectuée. (0x12B)
[1222/002554.601:ERROR:process_memory_win.cc(73)] ReadMemory at 0x1ba3e6f3760 of 512 bytes failed: Seule une partie d’une requête ReadProcessMemory ou WriteProcessMemory a été effectuée. (0x12B)
[1222/002554.601:ERROR:process_memory_win.cc(73)] ReadMemory at 0x1ba3e710d00 of 512 bytes failed: Seule une partie d’une requête ReadProcessMemory ou WriteProcessMemory a été effectuée. (0x12B)
[1222/002554.601:ERROR:process_memory_win.cc(73)] ReadMemory at 0x1ba40175330 of 512 bytes failed: Seule une partie d’une requête ReadProcessMemory ou WriteProcessMemory a été effectuée. (0x12B)
[1222/002554.601:ERROR:process_memory_win.cc(73)] ReadMemory at 0x1ba40179fd0 of 512 bytes failed: Seule une partie d’une requête ReadProcessMemory ou WriteProcessMemory a été effectuée. (0x12B)
[1222/002554.601:ERROR:process_memory_win.cc(73)] ReadMemory at 0x1ba4017e2b0 of 512 bytes failed: Seule une partie d’une requête ReadProcessMemory ou WriteProcessMemory a été effectuée. (0x12B)
[1222/002554.601:ERROR:process_memory_win.cc(73)] ReadMemory at 0x1ba401ad950 of 512 bytes failed: Seule une partie d’une requête ReadProcessMemory ou WriteProcessMemory a été effectuée. (0x12B)
[1222/002554.601:ERROR:process_memory_win.cc(73)] ReadMemory at 0x1ba403fff80 of 512 bytes failed: Seule une partie d’une requête ReadProcessMemory ou WriteProcessMemory a été effectuée. (0x12B)
[1222/002554.601:ERROR:process_memory_win.cc(73)] ReadMemory at 0x1ba40d5a690 of 512 bytes failed: Seule une partie d’une requête ReadProcessMemory ou WriteProcessMemory a été effectuée. (0x12B)
[1222/002554.601:ERROR:process_memory_win.cc(73)] ReadMemory at 0x1ba40d67ef0 of 512 bytes failed: Seule une partie d’une requête ReadProcessMemory ou WriteProcessMemory a été effectuée. (0x12B)
[1222/002554.601:ERROR:process_memory_win.cc(73)] ReadMemory at 0x1ba40d683c0 of 512 bytes failed: Seule une partie d’une requête ReadProcessMemory ou WriteProcessMemory a été effectuée. (0x12B)
[1222/002554.602:ERROR:process_memory_win.cc(73)] ReadMemory at 0x1ba40d8cb50 of 512 bytes failed: Seule une partie d’une requête ReadProcessMemory ou WriteProcessMemory a été effectuée. (0x12B)
[1222/002554.602:ERROR:process_memory_win.cc(73)] ReadMemory at 0x1ba40d91ea0 of 512 bytes failed: Seule une partie d’une requête ReadProcessMemory ou WriteProcessMemory a été effectuée. (0x12B)
[1222/002554.602:ERROR:process_memory_win.cc(73)] ReadMemory at 0x1ba40db0230 of 512 bytes failed: Seule une partie d’une requête ReadProcessMemory ou WriteProcessMemory a été effectuée. (0x12B)
[1222/002554.602:ERROR:process_memory_win.cc(73)] ReadMemory at 0x1ba40db0e20 of 512 bytes failed: Seule une partie d’une requête ReadProcessMemory ou WriteProcessMemory a été effectuée. (0x12B)
[1222/002554.602:ERROR:process_memory_win.cc(73)] ReadMemory at 0x16eb5a515420 of 512 bytes failed: Seule une partie d’une requête ReadProcessMemory ou WriteProcessMemory a été effectuée. (0x12B)
[1222/002554.602:ERROR:process_memory_win.cc(73)] ReadMemory at 0x16eb6924cc20 of 512 bytes failed: Seule une partie d’une requête ReadProcessMemory ou WriteProcessMemory a été effectuée. (0x12B)
[1222/002554.602:ERROR:process_memory_win.cc(73)] ReadMemory at 0x4ab400009870 of 512 bytes failed: Seule une partie d’une requête ReadProcessMemory ou WriteProcessMemory a été effectuée. (0x12B)
[1222/002554.602:ERROR:process_memory_win.cc(73)] ReadMemory at 0x4ab409e3bcc8 of 512 bytes failed: Seule une partie d’une requête ReadProcessMemory ou WriteProcessMemory a été effectuée. (0x12B)
[1222/002554.602:ERROR:process_memory_win.cc(73)] ReadMemory at 0x4ab40bd451c8 of 512 bytes failed: Seule une partie d’une requête ReadProcessMemory ou WriteProcessMemory a été effectuée. (0x12B)
[1222/002554.602:ERROR:process_memory_win.cc(73)] ReadMemory at 0x4ab40cba1488 of 512 bytes failed: Seule une partie d’une requête ReadProcessMemory ou WriteProcessMemory a été effectuée. (0x12B)
[1222/002554.674:ERROR:process_memory_win.cc(73)] ReadMemory at 0x4ab40cf3c550 of 512 bytes failed: Seule une partie d’une requête ReadProcessMemory ou WriteProcessMemory a été effectuée. (0x12B)
[1222/002554.674:ERROR:process_memory_win.cc(73)] ReadMemory at 0x4ab40d2b6450 of 512 bytes failed: Seule une partie d’une requête ReadProcessMemory ou WriteProcessMemory a été effectuée. (0x12B)
[1222/002554.674:ERROR:process_memory_win.cc(73)] ReadMemory at 0x4ab41131d95c of 512 bytes failed: Seule une partie d’une requête ReadProcessMemory ou WriteProcessMemory a été effectuée. (0x12B)
[1222/002554.674:ERROR:process_memory_win.cc(73)] ReadMemory at 0x7ff844f3d7c0 of 512 bytes failed: Seule une partie d’une requête ReadProcessMemory ou WriteProcessMemory a été effectuée. (0x12B)
[1222/002554.674:ERROR:process_memory_win.cc(73)] ReadMemory at 0x7ff84610b1b0 of 512 bytes failed: Seule une partie d’une requête ReadProcessMemory ou WriteProcessMemory a été effectuée. (0x12B)
[1222/002554.675:ERROR:process_memory_win.cc(73)] ReadMemory at 0x7ff84704e330 of 512 bytes failed: Seule une partie d’une requête ReadProcessMemory ou WriteProcessMemory a été effectuée. (0x12B)
[1222/002554.831:ERROR:process_memory_win.cc(73)] ReadMemory at 0x7ff88108a220 of 512 bytes failed: Seule une partie d’une requête ReadProcessMemory ou WriteProcessMemory a été effectuée. (0x12B)
[1222/002554.831:ERROR:process_memory_win.cc(73)] ReadMemory at 0x7ff88108a917 of 512 bytes failed: Seule une partie d’une requête ReadProcessMemory ou WriteProcessMemory a été effectuée. (0x12B)
[1222/002554.831:ERROR:process_memory_win.cc(73)] ReadMemory at 0x7ff8a727d7c0 of 512 bytes failed: Seule une partie d’une requête ReadProcessMemory ou WriteProcessMemory a été effectuée. (0x12B)
[1222/002554.831:ERROR:process_memory_win.cc(73)] ReadMemory at 0x7ff8a97199a0 of 512 bytes failed: Seule une partie d’une requête ReadProcessMemory ou WriteProcessMemory a été effectuée. (0x12B)
[1222/002554.831:ERROR:process_memory_win.cc(73)] ReadMemory at 0x7ff8a9733710 of 512 bytes failed: Seule une partie d’une requête ReadProcessMemory ou WriteProcessMemory a été effectuée. (0x12B)
[1222/002554.831:ERROR:process_memory_win.cc(73)] ReadMemory at 0x7ff8a973ddb0 of 512 bytes failed: Seule une partie d’une requête ReadProcessMemory ou WriteProcessMemory a été effectuée. (0x12B)
[1222/002554.831:ERROR:process_memory_win.cc(73)] ReadMemory at 0x7ff8a97b4d54 of 672 bytes failed: Seule une partie d’une requête ReadProcessMemory ou WriteProcessMemory a été effectuée. (0x12B)
[1222/002554.832:ERROR:process_memory_win.cc(73)] ReadMemory at 0x7ff8a97b8384 of 608 bytes failed: Seule une partie d’une requête ReadProcessMemory ou WriteProcessMemory a été effectuée. (0x12B)
[1222/002554.950:ERROR:process_memory_win.cc(73)] ReadMemory at 0x7ff8a98211a0 of 18 bytes failed: Seule une partie d’une requête ReadProcessMemory ou WriteProcessMemory a été effectuée. (0x12B)
[1222/002554.950:ERROR:process_memory_win.cc(73)] ReadMemory at 0x7ff8a98521e0 of 40 bytes failed: Seule une partie d’une requête ReadProcessMemory ou WriteProcessMemory a été effectuée. (0x12B)
[1222/002554.950:ERROR:process_memory_win.cc(73)] ReadMemory at 0x7ff8a9852d48 of 48 bytes failed: Seule une partie d’une requête ReadProcessMemory ou WriteProcessMemory a été effectuée. (0x12B)
[1222/002554.950:ERROR:process_memory_win.cc(73)] ReadMemory at 0x7ff8a9855200 of 64 bytes failed: Seule une partie d’une requête ReadProcessMemory ou WriteProcessMemory a été effectuée. (0x12B)
[1222/002555.174:ERROR:scoped_process_suspend.cc(40)] NtResumeProcess: Tentative d’accès à un processus en cours d’arrêt. (0xc000010a)
[1222/004203.357:ERROR:directory_reader_win.cc(43)] FindFirstFile: Le chemin d’accès spécifié est introuvable. (0x3)
[1222/154425.584:ERROR:process_memory_win.cc(73)] ReadMemory at 0x18006c10510 of 32 bytes failed: Seule une partie d’une requête ReadProcessMemory ou WriteProcessMemory a été effectuée. (0x12B)
[1222/154426.769:WARNING:pe_image_annotations_reader.cc(147)] could not read annotation at index 2 in C:\Program Files (x86)\Google\Chrome\Application\87.0.4280.88\chrome.dll
[1222/154427.089:ERROR:process_memory_win.cc(73)] ReadMemory at 0x7ff8a9570000 of 64 bytes failed: Seule une partie d’une requête ReadProcessMemory ou WriteProcessMemory a été effectuée. (0x12B)
[1222/154427.089:WARNING:pe_image_reader.cc(340)] could not read dos header from C:\WINDOWS\system32\WS2_32.dll
[1222/154427.089:ERROR:process_memory_win.cc(73)] ReadMemory at 0x7ff8a95e0000 of 64 bytes failed: Seule une partie d’une requête ReadProcessMemory ou WriteProcessMemory a été effectuée. (0x12B)
[1222/154427.089:WARNING:pe_image_reader.cc(340)] could not read dos header from C:\WINDOWS\system32\OLEAUT32.dll
[1222/154427.089:ERROR:process_memory_win.cc(73)] ReadMemory at 0x7ff8a9130000 of 64 bytes failed: Seule une partie d’une requête ReadProcessMemory ou WriteProcessMemory a été effectuée. (0x12B)
[1222/154427.089:WARNING:pe_image_reader.cc(340)] could not read dos header from C:\WINDOWS\system32\combase.dll
[1222/154427.089:ERROR:process_memory_win.cc(73)] ReadMemory at 0x7ff8a5df0000 of 64 bytes failed: Seule une partie d’une requête ReadProcessMemory ou WriteProcessMemory a été effectuée. (0x12B)
[1222/154427.089:WARNING:pe_image_reader.cc(340)] could not read dos header from C:\WINDOWS\system32\WINTRUST.dll
[1222/154427.089:ERROR:process_memory_win.cc(73)] ReadMemory at 0x7ff8a5d10000 of 64 bytes failed: Seule une partie d’une requête ReadProcessMemory ou WriteProcessMemory a été effectuée. (0x12B)
[1222/154427.089:WARNING:pe_image_reader.cc(340)] could not read dos header from C:\WINDOWS\system32\MSASN1.dll
[1222/154427.089:ERROR:process_memory_win.cc(73)] ReadMemory at 0x7ff8a5f10000 of 64 bytes failed: Seule une partie d’une requête ReadProcessMemory ou WriteProcessMemory a été effectuée. (0x12B)
[1222/154427.089:WARNING:pe_image_reader.cc(340)] could not read dos header from C:\WINDOWS\system32\CRYPT32.dll
[1222/154427.089:ERROR:process_memory_win.cc(73)] ReadMemory at 0x7ff8a59f0000 of 64 bytes failed: Seule une partie d’une requête ReadProcessMemory ou WriteProcessMemory a été effectuée. (0x12B)
[1222/154427.089:WARNING:pe_image_reader.cc(340)] could not read dos header from C:\WINDOWS\SYSTEM32\dbghelp.dll
[1222/154427.089:ERROR:process_memory_win.cc(73)] ReadMemory at 0x7ff89dfb0000 of 64 bytes failed: Seule une partie d’une requête ReadProcessMemory ou WriteProcessMemory a été effectuée. (0x12B)
[1222/154427.090:WARNING:pe_image_reader.cc(340)] could not read dos header from C:\WINDOWS\SYSTEM32\IPHLPAPI.DLL
[1222/154427.090:ERROR:process_memory_win.cc(73)] ReadMemory at 0x7ff8a3fc0000 of 64 bytes failed: Seule une partie d’une requête ReadProcessMemory ou WriteProcessMemory a été effectuée. (0x12B)
[1222/154427.090:WARNING:pe_image_reader.cc(340)] could not read dos header from C:\WINDOWS\SYSTEM32\WINMM.dll
[1222/154427.090:ERROR:process_memory_win.cc(73)] ReadMemory at 0x7ff8a6de0000 of 64 bytes failed: Seule une partie d’une requête ReadProcessMemory ou WriteProcessMemory a été effectuée. (0x12B)
[1222/154427.090:WARNING:pe_image_reader.cc(340)] could not read dos header from C:\WINDOWS\system32\USER32.dll
[1222/154427.090:ERROR:process_memory_win.cc(73)] ReadMemory at 0x7ff8a74c0000 of 64 bytes failed: Seule une partie d’une requête ReadProcessMemory ou WriteProcessMemory a été effectuée. (0x12B)
[1222/154427.090:WARNING:pe_image_reader.cc(340)] could not read dos header from C:\WINDOWS\system32\GDI32.dll
[1222/154427.090:ERROR:process_memory_win.cc(73)] ReadMemory at 0x7ff8894d0000 of 64 bytes failed: Seule une partie d’une requête ReadProcessMemory ou WriteProcessMemory a été effectuée. (0x12B)
[1222/154427.090:WARNING:pe_image_reader.cc(340)] could not read dos header from C:\WINDOWS\SYSTEM32\UIAutomationCore.DLL
[1222/154427.090:ERROR:process_memory_win.cc(73)] ReadMemory at 0x7ff89d520000 of 64 bytes failed: Seule une partie d’une requête ReadProcessMemory ou WriteProcessMemory a été effectuée. (0x12B)
[1222/154427.090:WARNING:pe_image_reader.cc(340)] could not read dos header from C:\WINDOWS\SYSTEM32\Secur32.dll
[1222/154427.090:ERROR:process_memory_win.cc(73)] ReadMemory at 0x7ff8a5280000 of 64 bytes failed: Seule une partie d’une requête ReadProcessMemory ou WriteProcessMemory a été effectuée. (0x12B)
[1222/154427.090:WARNING:pe_image_reader.cc(340)] could not read dos header from C:\WINDOWS\SYSTEM32\USERENV.dll
[1222/154427.090:ERROR:process_memory_win.cc(73)] ReadMemory at 0x7ff8a5d80000 of 64 bytes failed: Seule une partie d’une requête ReadProcessMemory ou WriteProcessMemory a été effectuée. (0x12B)
[1222/154427.090:WARNING:pe_image_reader.cc(340)] could not read dos header from C:\WINDOWS\system32\profapi.dll
[1222/154427.090:ERROR:process_memory_win.cc(73)] ReadMemory at 0x7ff8a0630000 of 64 bytes failed: Seule une partie d’une requête ReadProcessMemory ou WriteProcessMemory a été effectuée. (0x12B)
[1222/154427.090:WARNING:pe_image_reader.cc(340)] could not read dos header from C:\WINDOWS\SYSTEM32\DWrite.dll
[1222/154427.090:ERROR:process_memory_win.cc(73)] ReadMemory at 0x7ff89e0b0000 of 64 bytes failed: Seule une partie d’une requête ReadProcessMemory ou WriteProcessMemory a été effectuée. (0x12B)
[1222/154427.090:WARNING:pe_image_reader.cc(340)] could not read dos header from C:\WINDOWS\SYSTEM32\WINSPOOL.DRV
[1222/154427.091:ERROR:process_memory_win.cc(73)] ReadMemory at 0x7ff8a0ee0000 of 64 bytes failed: Seule une partie d’une requête ReadProcessMemory ou WriteProcessMemory a été effectuée. (0x12B)
[1222/154427.091:WARNING:pe_image_reader.cc(340)] could not read dos header from C:\WINDOWS\SYSTEM32\WINHTTP.dll
[1222/154427.091:ERROR:process_memory_win.cc(73)] ReadMemory at 0x7ff89dc60000 of 64 bytes failed: Seule une partie d’une requête ReadProcessMemory ou WriteProcessMemory a été effectuée. (0x12B)
[1222/154427.091:WARNING:pe_image_reader.cc(340)] could not read dos header from C:\WINDOWS\SYSTEM32\dhcpcsvc.DLL
[1222/154427.091:ERROR:process_memory_win.cc(73)] ReadMemory at 0x180041f0000 of 64 bytes failed: Seule une partie d’une requête ReadProcessMemory ou WriteProcessMemory a été effectuée. (0x12B)
[1222/154427.091:WARNING:pe_image_reader.cc(340)] could not read dos header from C:\WINDOWS\system32\NSI.dll
[1222/154427.091:ERROR:process_memory_win.cc(73)] ReadMemory at 0x7ff8a3f90000 of 64 bytes failed: Seule une partie d’une requête ReadProcessMemory ou WriteProcessMemory a été effectuée. (0x12B)
[1222/154427.091:WARNING:pe_image_reader.cc(340)] could not read dos header from C:\WINDOWS\SYSTEM32\WINMMBASE.dll
[1222/154427.091:ERROR:process_memory_win.cc(73)] ReadMemory at 0x7ff8a5da0000 of 64 bytes failed: Seule une partie d’une requête ReadProcessMemory ou WriteProcessMemory a été effectuée. (0x12B)
[1222/154427.091:WARNING:pe_image_reader.cc(340)] could not read dos header from C:\WINDOWS\system32\cfgmgr32.dll
[1222/154427.091:ERROR:process_memory_win.cc(73)] ReadMemory at 0x7ff8a5c40000 of 64 bytes failed: Seule une partie d’une requête ReadProcessMemory ou WriteProcessMemory a été effectuée. (0x12B)
[1222/154427.091:WARNING:pe_image_reader.cc(340)] could not read dos header from C:\WINDOWS\SYSTEM32\bcrypt.dll
[1222/154427.091:ERROR:process_memory_win.cc(73)] ReadMemory at 0x7ff8a5830000 of 64 bytes failed: Seule une partie d’une requête ReadProcessMemory ou WriteProcessMemory a été effectuée. (0x12B)
[1222/154427.091:WARNING:pe_image_reader.cc(340)] could not read dos header from C:\WINDOWS\SYSTEM32\SSPICLI.DLL
[1222/154427.091:ERROR:process_memory_win.cc(73)] ReadMemory at 0x7ff8a71a0000 of 64 bytes failed: Seule une partie d’une requête ReadProcessMemory ou WriteProcessMemory a été effectuée. (0x12B)
[1222/154427.091:WARNING:pe_image_reader.cc(340)] could not read dos header from C:\WINDOWS\system32\IMM32.DLL
[1222/154427.091:ERROR:process_memory_win.cc(73)] ReadMemory at 0x7ff8a55c0000 of 64 bytes failed: Seule une partie d’une requête ReadProcessMemory ou WriteProcessMemory a été effectuée. (0x12B)
[1222/154427.091:WARNING:pe_image_reader.cc(340)] could not read dos header from C:\WINDOWS\SYSTEM32\CRYPTBASE.DLL
[1222/154427.091:ERROR:process_memory_win.cc(73)] ReadMemory at 0x7ff66eae0000 of 64 bytes failed: Seule une partie d’une requête ReadProcessMemory ou WriteProcessMemory a été effectuée. (0x12B)
[1222/154427.091:WARNING:pe_image_reader.cc(340)] could not read dos header from C:\Program Files (x86)\Google\Chrome\Application\chrome.exe
[1222/154427.092:ERROR:process_memory_win.cc(73)] ReadMemory at 0x7ff8a9710000 of 64 bytes failed: Seule une partie d’une requête ReadProcessMemory ou WriteProcessMemory a été effectuée. (0x12B)
[1222/154427.092:WARNING:pe_image_reader.cc(340)] could not read dos header from C:\WINDOWS\SYSTEM32\ntdll.dll
[1222/154427.092:ERROR:process_memory_win.cc(73)] ReadMemory at 0x7ff8a7250000 of 64 bytes failed: Seule une partie d’une requête ReadProcessMemory ou WriteProcessMemory a été effectuée. (0x12B)
[1222/154427.092:WARNING:pe_image_reader.cc(340)] could not read dos header from C:\WINDOWS\system32\KERNEL32.DLL
[1222/154427.092:ERROR:process_memory_win.cc(73)] ReadMemory at 0x7ff8a67e0000 of 64 bytes failed: Seule une partie d’une requête ReadProcessMemory ou WriteProcessMemory a été effectuée. (0x12B)
[1222/154427.092:WARNING:pe_image_reader.cc(340)] could not read dos header from C:\WINDOWS\system32\KERNELBASE.dll
[1222/154427.092:ERROR:process_memory_win.cc(73)] ReadMemory at 0x7ff880d30000 of 64 bytes failed: Seule une partie d’une requête ReadProcessMemory ou WriteProcessMemory a été effectuée. (0x12B)
[1222/154427.092:WARNING:pe_image_reader.cc(340)] could not read dos header from C:\Program Files (x86)\Google\Chrome\Application\87.0.4280.88\chrome_elf.dll
[1222/154427.092:ERROR:process_memory_win.cc(73)] ReadMemory at 0x7ff89d510000 of 64 bytes failed: Seule une partie d’une requête ReadProcessMemory ou WriteProcessMemory a été effectuée. (0x12B)
[1222/154427.092:WARNING:pe_image_reader.cc(340)] could not read dos header from C:\WINDOWS\SYSTEM32\VERSION.dll
[1222/154427.092:ERROR:process_memory_win.cc(73)] ReadMemory at 0x7ff8a93b0000 of 64 bytes failed: Seule une partie d’une requête ReadProcessMemory ou WriteProcessMemory a été effectuée. (0x12B)
[1222/154427.092:WARNING:pe_image_reader.cc(340)] could not read dos header from C:\WINDOWS\system32\msvcrt.dll
[1222/154427.092:ERROR:process_memory_win.cc(73)] ReadMemory at 0x7ff8a69f0000 of 64 bytes failed: Seule une partie d’une requête ReadProcessMemory ou WriteProcessMemory a été effectuée. (0x12B)
[1222/154427.092:WARNING:pe_image_reader.cc(340)] could not read dos header from C:\WINDOWS\system32\bcryptPrimitives.dll
[1222/154427.092:ERROR:process_memory_win.cc(73)] ReadMemory at 0x7ff8a76e0000 of 64 bytes failed: Seule une partie d’une requête ReadProcessMemory ou WriteProcessMemory a été effectuée. (0x12B)
[1222/154427.092:WARNING:pe_image_reader.cc(340)] could not read dos header from C:\WINDOWS\system32\ADVAPI32.dll
[1222/154427.092:ERROR:process_memory_win.cc(73)] ReadMemory at 0x7ff8a6d20000 of 64 bytes failed: Seule une partie d’une requête ReadProcessMemory ou WriteProcessMemory a été effectuée. (0x12B)
[1222/154427.092:WARNING:pe_image_reader.cc(340)] could not read dos header from C:\WINDOWS\system32\sechost.dll
[1222/154427.092:ERROR:process_memory_win.cc(73)] ReadMemory at 0x7ff8a9450000 of 64 bytes failed: Seule une partie d’une requête ReadProcessMemory ou WriteProcessMemory a été effectuée. (0x12B)
[1222/154427.092:WARNING:pe_image_reader.cc(340)] could not read dos header from C:\WINDOWS\system32\RPCRT4.dll
[1222/154427.093:ERROR:process_memory_win.cc(73)] ReadMemory at 0x7ff844210000 of 64 bytes failed: Seule une partie d’une requête ReadProcessMemory ou WriteProcessMemory a été effectuée. (0x12B)
[1222/154427.093:WARNING:pe_image_reader.cc(340)] could not read dos header from C:\Program Files (x86)\Google\Chrome\Application\87.0.4280.88\chrome.dll
[1222/154427.093:ERROR:process_memory_win.cc(73)] ReadMemory at 0x7ff8a9570000 of 64 bytes failed: Seule une partie d’une requête ReadProcessMemory ou WriteProcessMemory a été effectuée. (0x12B)
[1222/154427.093:WARNING:pe_image_reader.cc(340)] could not read dos header from C:\WINDOWS\system32\WS2_32.dll
[1222/154427.093:ERROR:process_memory_win.cc(73)] ReadMemory at 0x7ff8a95e0000 of 64 bytes failed: Seule une partie d’une requête ReadProcessMemory ou WriteProcessMemory a été effectuée. (0x12B)
[1222/154427.093:WARNING:pe_image_reader.cc(340)] could not read dos header from C:\WINDOWS\system32\OLEAUT32.dll
[1222/154427.093:ERROR:process_memory_win.cc(73)] ReadMemory at 0x7ff8a9130000 of 64 bytes failed: Seule une partie d’une requête ReadProcessMemory ou WriteProcessMemory a été effectuée. (0x12B)
[1222/154427.093:WARNING:pe_image_reader.cc(340)] could not read dos header from C:\WINDOWS\system32\combase.dll
[1222/154427.093:ERROR:process_memory_win.cc(73)] ReadMemory at 0x7ff8a5df0000 of 64 bytes failed: Seule une partie d’une requête ReadProcessMemory ou WriteProcessMemory a été effectuée. (0x12B)
[1222/154427.093:WARNING:pe_image_reader.cc(340)] could not read dos header from C:\WINDOWS\system32\WINTRUST.dll
[1222/154427.093:ERROR:process_memory_win.cc(73)] ReadMemory at 0x7ff8a5d10000 of 64 bytes failed: Seule une partie d’une requête ReadProcessMemory ou WriteProcessMemory a été effectuée. (0x12B)
[1222/154427.093:WARNING:pe_image_reader.cc(340)] could not read dos header from C:\WINDOWS\system32\MSASN1.dll
[1222/154427.093:ERROR:process_memory_win.cc(73)] ReadMemory at 0x7ff8a5f10000 of 64 bytes failed: Seule une partie d’une requête ReadProcessMemory ou WriteProcessMemory a été effectuée. (0x12B)
[1222/154427.093:WARNING:pe_image_reader.cc(340)] could not read dos header from C:\WINDOWS\system32\CRYPT32.dll
[1222/154427.093:ERROR:process_memory_win.cc(73)] ReadMemory at 0x7ff8a59f0000 of 64 bytes failed: Seule une partie d’une requête ReadProcessMemory ou WriteProcessMemory a été effectuée. (0x12B)
[1222/154427.093:WARNING:pe_image_reader.cc(340)] could not read dos header from C:\WINDOWS\SYSTEM32\dbghelp.dll
[1222/154427.093:ERROR:process_memory_win.cc(73)] ReadMemory at 0x7ff89dfb0000 of 64 bytes failed: Seule une partie d’une requête ReadProcessMemory ou WriteProcessMemory a été effectuée. (0x12B)
[1222/154427.093:WARNING:pe_image_reader.cc(340)] could not read dos header from C:\WINDOWS\SYSTEM32\IPHLPAPI.DLL
[1222/154427.094:ERROR:process_memory_win.cc(73)] ReadMemory at 0x7ff8a3fc0000 of 64 bytes failed: Seule une partie d’une requête ReadProcessMemory ou WriteProcessMemory a été effectuée. (0x12B)
[1222/154427.094:WARNING:pe_image_reader.cc(340)] could not read dos header from C:\WINDOWS\SYSTEM32\WINMM.dll
[1222/154427.094:ERROR:process_memory_win.cc(73)] ReadMemory at 0x7ff8a6de0000 of 64 bytes failed: Seule une partie d’une requête ReadProcessMemory ou WriteProcessMemory a été effectuée. (0x12B)
[1222/154427.094:WARNING:pe_image_reader.cc(340)] could not read dos header from C:\WINDOWS\system32\USER32.dll
[1222/154427.094:ERROR:process_memory_win.cc(73)] ReadMemory at 0x7ff8a74c0000 of 64 bytes failed: Seule une partie d’une requête ReadProcessMemory ou WriteProcessMemory a été effectuée. (0x12B)
[1222/154427.094:WARNING:pe_image_reader.cc(340)] could not read dos header from C:\WINDOWS\system32\GDI32.dll
[1222/154427.094:ERROR:process_memory_win.cc(73)] ReadMemory at 0x7ff8894d0000 of 64 bytes failed: Seule une partie d’une requête ReadProcessMemory ou WriteProcessMemory a été effectuée. (0x12B)
[1222/154427.094:WARNING:pe_image_reader.cc(340)] could not read dos header from C:\WINDOWS\SYSTEM32\UIAutomationCore.DLL
[1222/154427.094:ERROR:process_memory_win.cc(73)] ReadMemory at 0x7ff89d520000 of 64 bytes failed: Seule une partie d’une requête ReadProcessMemory ou WriteProcessMemory a été effectuée. (0x12B)
[1222/154427.094:WARNING:pe_image_reader.cc(340)] could not read dos header from C:\WINDOWS\SYSTEM32\Secur32.dll
[1222/154427.094:ERROR:process_memory_win.cc(73)] ReadMemory at 0x7ff8a5280000 of 64 bytes failed: Seule une partie d’une requête ReadProcessMemory ou WriteProcessMemory a été effectuée. (0x12B)
[1222/154427.094:WARNING:pe_image_reader.cc(340)] could not read dos header from C:\WINDOWS\SYSTEM32\USERENV.dll
[1222/154427.094:ERROR:process_memory_win.cc(73)] ReadMemory at 0x7ff8a5d80000 of 64 bytes failed: Seule une partie d’une requête ReadProcessMemory ou WriteProcessMemory a été effectuée. (0x12B)
[1222/154427.094:WARNING:pe_image_reader.cc(340)] could not read dos header from C:\WINDOWS\system32\profapi.dll
[1222/154427.095:ERROR:process_memory_win.cc(73)] ReadMemory at 0x7ff8a0630000 of 64 bytes failed: Seule une partie d’une requête ReadProcessMemory ou WriteProcessMemory a été effectuée. (0x12B)
[1222/154427.095:WARNING:pe_image_reader.cc(340)] could not read dos header from C:\WINDOWS\SYSTEM32\DWrite.dll
[1222/154427.095:ERROR:process_memory_win.cc(73)] ReadMemory at 0x7ff89e0b0000 of 64 bytes failed: Seule une partie d’une requête ReadProcessMemory ou WriteProcessMemory a été effectuée. (0x12B)
[1222/154427.095:WARNING:pe_image_reader.cc(340)] could not read dos header from C:\WINDOWS\SYSTEM32\WINSPOOL.DRV
[1222/154427.095:ERROR:process_memory_win.cc(73)] ReadMemory at 0x7ff8a0ee0000 of 64 bytes failed: Seule une partie d’une requête ReadProcessMemory ou WriteProcessMemory a été effectuée. (0x12B)
[1222/154427.095:WARNING:pe_image_reader.cc(340)] could not read dos header from C:\WINDOWS\SYSTEM32\WINHTTP.dll
[1222/154427.095:ERROR:process_memory_win.cc(73)] ReadMemory at 0x7ff89dc60000 of 64 bytes failed: Seule une partie d’une requête ReadProcessMemory ou WriteProcessMemory a été effectuée. (0x12B)
[1222/154427.095:WARNING:pe_image_reader.cc(340)] could not read dos header from C:\WINDOWS\SYSTEM32\dhcpcsvc.DLL
[1222/154427.095:ERROR:process_memory_win.cc(73)] ReadMemory at 0x180041f0000 of 64 bytes failed: Seule une partie d’une requête ReadProcessMemory ou WriteProcessMemory a été effectuée. (0x12B)
[1222/154427.095:WARNING:pe_image_reader.cc(340)] could not read dos header from C:\WINDOWS\system32\NSI.dll
[1222/154427.095:ERROR:process_memory_win.cc(73)] ReadMemory at 0x7ff8a3f90000 of 64 bytes failed: Seule une partie d’une requête ReadProcessMemory ou WriteProcessMemory a été effectuée. (0x12B)
[1222/154427.095:WARNING:pe_image_reader.cc(340)] could not read dos header from C:\WINDOWS\SYSTEM32\WINMMBASE.dll
[1222/154427.095:ERROR:process_memory_win.cc(73)] ReadMemory at 0x7ff8a5da0000 of 64 bytes failed: Seule une partie d’une requête ReadProcessMemory ou WriteProcessMemory a été effectuée. (0x12B)
[1222/154427.095:WARNING:pe_image_reader.cc(340)] could not read dos header from C:\WINDOWS\system32\cfgmgr32.dll
[1222/154427.095:ERROR:process_memory_win.cc(73)] ReadMemory at 0x7ff8a5c40000 of 64 bytes failed: Seule une partie d’une requête ReadProcessMemory ou WriteProcessMemory a été effectuée. (0x12B)
[1222/154427.095:WARNING:pe_image_reader.cc(340)] could not read dos header from C:\WINDOWS\SYSTEM32\bcrypt.dll
[1222/154427.095:ERROR:process_memory_win.cc(73)] ReadMemory at 0x7ff8a5830000 of 64 bytes failed: Seule une partie d’une requête ReadProcessMemory ou WriteProcessMemory a été effectuée. (0x12B)
[1222/154427.095:WARNING:pe_image_reader.cc(340)] could not read dos header from C:\WINDOWS\SYSTEM32\SSPICLI.DLL
[1222/154427.095:ERROR:process_memory_win.cc(73)] ReadMemory at 0x7ff8a71a0000 of 64 bytes failed: Seule une partie d’une requête ReadProcessMemory ou WriteProcessMemory a été effectuée. (0x12B)
[1222/154427.095:WARNING:pe_image_reader.cc(340)] could not read dos header from C:\WINDOWS\system32\IMM32.DLL
[1222/154427.096:ERROR:process_memory_win.cc(73)] ReadMemory at 0x7ff8a55c0000 of 64 bytes failed: Seule une partie d’une requête ReadProcessMemory ou WriteProcessMemory a été effectuée. (0x12B)
[1222/154427.096:WARNING:pe_image_reader.cc(340)] could not read dos header from C:\WINDOWS\SYSTEM32\CRYPTBASE.DLL
[1222/154428.193:ERROR:process_memory_win.cc(73)] ReadMemory at 0x68efbe9000 of 94208 bytes failed: Seule une partie d’une requête ReadProcessMemory ou WriteProcessMemory a été effectuée. (0x12B)
[1222/154428.193:ERROR:process_memory_win.cc(73)] ReadMemory at 0x68f03fe000 of 8192 bytes failed: Seule une partie d’une requête ReadProcessMemory ou WriteProcessMemory a été effectuée. (0x12B)
[1222/154428.194:ERROR:process_memory_win.cc(73)] ReadMemory at 0x68f13fe000 of 8192 bytes failed: Seule une partie d’une requête ReadProcessMemory ou WriteProcessMemory a été effectuée. (0x12B)
[1222/154428.194:ERROR:process_memory_win.cc(73)] ReadMemory at 0x68f1bfd000 of 12288 bytes failed: Seule une partie d’une requête ReadProcessMemory ou WriteProcessMemory a été effectuée. (0x12B)
[1222/154428.194:ERROR:process_memory_win.cc(73)] ReadMemory at 0x68f23ff000 of 4096 bytes failed: Seule une partie d’une requête ReadProcessMemory ou WriteProcessMemory a été effectuée. (0x12B)
[1222/154428.236:ERROR:process_memory_win.cc(73)] ReadMemory at 0x68f2bfe000 of 8192 bytes failed: Seule une partie d’une requête ReadProcessMemory ou WriteProcessMemory a été effectuée. (0x12B)
[1222/154428.236:ERROR:process_memory_win.cc(73)] ReadMemory at 0x68f33fc000 of 16384 bytes failed: Seule une partie d’une requête ReadProcessMemory ou WriteProcessMemory a été effectuée. (0x12B)
[1222/154428.236:ERROR:process_memory_win.cc(73)] ReadMemory at 0x68f4bfe000 of 8192 bytes failed: Seule une partie d’une requête ReadProcessMemory ou WriteProcessMemory a été effectuée. (0x12B)
[1222/154428.237:ERROR:process_memory_win.cc(73)] ReadMemory at 0x68f53fc000 of 16384 bytes failed: Seule une partie d’une requête ReadProcessMemory ou WriteProcessMemory a été effectuée. (0x12B)
[1222/154428.237:ERROR:process_memory_win.cc(73)] ReadMemory at 0x68f5bfc000 of 16384 bytes failed: Seule une partie d’une requête ReadProcessMemory ou WriteProcessMemory a été effectuée. (0x12B)
[1222/154428.237:ERROR:process_memory_win.cc(73)] ReadMemory at 0x68f63fe000 of 8192 bytes failed: Seule une partie d’une requête ReadProcessMemory ou WriteProcessMemory a été effectuée. (0x12B)
[1222/154428.237:ERROR:process_memory_win.cc(73)] ReadMemory at 0x68f73fe000 of 8192 bytes failed: Seule une partie d’une requête ReadProcessMemory ou WriteProcessMemory a été effectuée. (0x12B)
[1222/154428.237:ERROR:process_memory_win.cc(73)] ReadMemory at 0x68847fe000 of 8192 bytes failed: Seule une partie d’une requête ReadProcessMemory ou WriteProcessMemory a été effectuée. (0x12B)
[1222/154428.237:ERROR:process_memory_win.cc(73)] ReadMemory at 0x68857fe000 of 8192 bytes failed: Seule une partie d’une requête ReadProcessMemory ou WriteProcessMemory a été effectuée. (0x12B)
[1222/154428.237:ERROR:process_memory_win.cc(73)] ReadMemory at 0x68ef2a2000 of 852 bytes failed: Seule une partie d’une requête ReadProcessMemory ou WriteProcessMemory a été effectuée. (0x12B)
[1222/154428.237:ERROR:process_memory_win.cc(73)] ReadMemory at 0x68ef2a3000 of 6024 bytes failed: Seule une partie d’une requête ReadProcessMemory ou WriteProcessMemory a été effectuée. (0x12B)
[1222/154428.238:ERROR:process_memory_win.cc(73)] ReadMemory at 0x68ef2a5000 of 6024 bytes failed: Seule une partie d’une requête ReadProcessMemory ou WriteProcessMemory a été effectuée. (0x12B)
[1222/154428.238:ERROR:process_memory_win.cc(73)] ReadMemory at 0x68ef2a9000 of 6024 bytes failed: Seule une partie d’une requête ReadProcessMemory ou WriteProcessMemory a été effectuée. (0x12B)
[1222/154428.238:ERROR:process_memory_win.cc(73)] ReadMemory at 0x68ef2ab000 of 6024 bytes failed: Seule une partie d’une requête ReadProcessMemory ou WriteProcessMemory a été effectuée. (0x12B)
[1222/154428.238:ERROR:process_memory_win.cc(73)] ReadMemory at 0x68ef2ad000 of 6024 bytes failed: Seule une partie d’une requête ReadProcessMemory ou WriteProcessMemory a été effectuée. (0x12B)
[1222/154428.238:ERROR:process_memory_win.cc(73)] ReadMemory at 0x68ef2af000 of 6024 bytes failed: Seule une partie d’une requête ReadProcessMemory ou WriteProcessMemory a été effectuée. (0x12B)
[1222/154428.238:ERROR:process_memory_win.cc(73)] ReadMemory at 0x68ef2b1000 of 6024 bytes failed: Seule une partie d’une requête ReadProcessMemory ou WriteProcessMemory a été effectuée. (0x12B)
[1222/154428.239:ERROR:process_memory_win.cc(73)] ReadMemory at 0x68ef2b7000 of 6024 bytes failed: Seule une partie d’une requête ReadProcessMemory ou WriteProcessMemory a été effectuée. (0x12B)
[1222/154428.239:ERROR:process_memory_win.cc(73)] ReadMemory at 0x68ef2b9000 of 6024 bytes failed: Seule une partie d’une requête ReadProcessMemory ou WriteProcessMemory a été effectuée. (0x12B)
[1222/154428.239:ERROR:process_memory_win.cc(73)] ReadMemory at 0x68ef2bb000 of 6024 bytes failed: Seule une partie d’une requête ReadProcessMemory ou WriteProcessMemory a été effectuée. (0x12B)
[1222/154428.239:ERROR:process_memory_win.cc(73)] ReadMemory at 0x68ef2bd000 of 6024 bytes failed: Seule une partie d’une requête ReadProcessMemory ou WriteProcessMemory a été effectuée. (0x12B)
[1222/154428.239:ERROR:process_memory_win.cc(73)] ReadMemory at 0x68ef2c1000 of 6024 bytes failed: Seule une partie d’une requête ReadProcessMemory ou WriteProcessMemory a été effectuée. (0x12B)
[1222/154428.240:ERROR:process_memory_win.cc(73)] ReadMemory at 0x68ef2f7000 of 6024 bytes failed: Seule une partie d’une requête ReadProcessMemory ou WriteProcessMemory a été effectuée. (0x12B)
[1222/154428.240:ERROR:process_memory_win.cc(73)] ReadMemory at 0x68ef2f9000 of 6024 bytes failed: Seule une partie d’une requête ReadProcessMemory ou WriteProcessMemory a été effectuée. (0x12B)
[1222/154428.240:ERROR:process_memory_win.cc(73)] ReadMemory at 0x180041a0d00 of 512 bytes failed: Seule une partie d’une requête ReadProcessMemory ou WriteProcessMemory a été effectuée. (0x12B)
[1222/154428.240:ERROR:process_memory_win.cc(73)] ReadMemory at 0x1800425ff80 of 848 bytes failed: Seule une partie d’une requête ReadProcessMemory ou WriteProcessMemory a été effectuée. (0x12B)
[1222/154428.240:ERROR:process_memory_win.cc(73)] ReadMemory at 0x18004260860 of 16842 bytes failed: Seule une partie d’une requête ReadProcessMemory ou WriteProcessMemory a été effectuée. (0x12B)
[1222/154428.240:ERROR:process_memory_win.cc(73)] ReadMemory at 0x18004264a40 of 1012 bytes failed: Seule une partie d’une requête ReadProcessMemory ou WriteProcessMemory a été effectuée. (0x12B)
[1222/154428.240:ERROR:process_memory_win.cc(73)] ReadMemory at 0x18004265058 of 118 bytes failed: Seule une partie d’une requête ReadProcessMemory ou WriteProcessMemory a été effectuée. (0x12B)
[1222/154428.240:ERROR:process_memory_win.cc(73)] ReadMemory at 0x180042650d0 of 704 bytes failed: Seule une partie d’une requête ReadProcessMemory ou WriteProcessMemory a été effectuée. (0x12B)
[1222/154428.240:ERROR:process_memory_win.cc(73)] ReadMemory at 0x18004265392 of 118 bytes failed: Seule une partie d’une requête ReadProcessMemory ou WriteProcessMemory a été effectuée. (0x12B)
[1222/154428.241:ERROR:process_memory_win.cc(73)] ReadMemory at 0x1800426540a of 100 bytes failed: Seule une partie d’une requête ReadProcessMemory ou WriteProcessMemory a été effectuée. (0x12B)
[1222/154428.241:ERROR:process_memory_win.cc(73)] ReadMemory at 0x18004265480 of 58 bytes failed: Seule une partie d’une requête ReadProcessMemory ou WriteProcessMemory a été effectuée. (0x12B)
[1222/154428.241:ERROR:process_memory_win.cc(73)] ReadMemory at 0x18004265580 of 132 bytes failed: Seule une partie d’une requête ReadProcessMemory ou WriteProcessMemory a été effectuée. (0x12B)
[1222/154428.241:ERROR:process_memory_win.cc(73)] ReadMemory at 0x18004265700 of 132 bytes failed: Seule une partie d’une requête ReadProcessMemory ou WriteProcessMemory a été effectuée. (0x12B)
[1222/154428.241:ERROR:process_memory_win.cc(73)] ReadMemory at 0x180042658b0 of 124 bytes failed: Seule une partie d’une requête ReadProcessMemory ou WriteProcessMemory a été effectuée. (0x12B)
[1222/154428.241:ERROR:process_memory_win.cc(73)] ReadMemory at 0x18004265d80 of 132 bytes failed: Seule une partie d’une requête ReadProcessMemory ou WriteProcessMemory a été effectuée. (0x12B)
[1222/154428.241:ERROR:process_memory_win.cc(73)] ReadMemory at 0x18004265f00 of 64 bytes failed: Seule une partie d’une requête ReadProcessMemory ou WriteProcessMemory a été effectuée. (0x12B)
[1222/154428.241:ERROR:process_memory_win.cc(73)] ReadMemory at 0x18004266250 of 132 bytes failed: Seule une partie d’une requête ReadProcessMemory ou WriteProcessMemory a été effectuée. (0x12B)
[1222/154428.241:ERROR:process_memory_win.cc(73)] ReadMemory at 0x180042663d0 of 68 bytes failed: Seule une partie d’une requête ReadProcessMemory ou WriteProcessMemory a été effectuée. (0x12B)
[1222/154428.241:ERROR:process_memory_win.cc(73)] ReadMemory at 0x180042674b0 of 132 bytes failed: Seule une partie d’une requête ReadProcessMemory ou WriteProcessMemory a été effectuée. (0x12B)
[1222/154428.242:ERROR:process_memory_win.cc(73)] ReadMemory at 0x18004267690 of 132 bytes failed: Seule une partie d’une requête ReadProcessMemory ou WriteProcessMemory a été effectuée. (0x12B)
[1222/154428.242:ERROR:process_memory_win.cc(73)] ReadMemory at 0x180042677b0 of 152 bytes failed: Seule une partie d’une requête ReadProcessMemory ou WriteProcessMemory a été effectuée. (0x12B)
[1222/154428.242:ERROR:process_memory_win.cc(73)] ReadMemory at 0x180042684a0 of 132 bytes failed: Seule une partie d’une requête ReadProcessMemory ou WriteProcessMemory a été effectuée. (0x12B)
[1222/154428.242:ERROR:process_memory_win.cc(73)] ReadMemory at 0x18004268620 of 60 bytes failed: Seule une partie d’une requête ReadProcessMemory ou WriteProcessMemory a été effectuée. (0x12B)
[1222/154428.242:ERROR:process_memory_win.cc(73)] ReadMemory at 0x18004268f40 of 62 bytes failed: Seule une partie d’une requête ReadProcessMemory ou WriteProcessMemory a été effectuée. (0x12B)
[1222/154428.242:ERROR:process_memory_win.cc(73)] ReadMemory at 0x180042779c0 of 80 bytes failed: Seule une partie d’une requête ReadProcessMemory ou WriteProcessMemory a été effectuée. (0x12B)
[1222/154428.242:ERROR:process_memory_win.cc(73)] ReadMemory at 0x18004279870 of 54 bytes failed: Seule une partie d’une requête ReadProcessMemory ou WriteProcessMemory a été effectuée. (0x12B)
[1222/154428.242:ERROR:process_memory_win.cc(73)] ReadMemory at 0x1800427bdc0 of 132 bytes failed: Seule une partie d’une requête ReadProcessMemory ou WriteProcessMemory a été effectuée. (0x12B)
[1222/154428.242:ERROR:process_memory_win.cc(73)] ReadMemory at 0x1800427c110 of 132 bytes failed: Seule une partie d’une requête ReadProcessMemory ou WriteProcessMemory a été effectuée. (0x12B)
[1222/154428.242:ERROR:process_memory_win.cc(73)] ReadMemory at 0x1800427c4c0 of 132 bytes failed: Seule une partie d’une requête ReadProcessMemory ou WriteProcessMemory a été effectuée. (0x12B)
[1222/154428.242:ERROR:process_memory_win.cc(73)] ReadMemory at 0x1800427c710 of 132 bytes failed: Seule une partie d’une requête ReadProcessMemory ou WriteProcessMemory a été effectuée. (0x12B)
[1222/154428.242:ERROR:process_memory_win.cc(73)] ReadMemory at 0x1800427d130 of 144 bytes failed: Seule une partie d’une requête ReadProcessMemory ou WriteProcessMemory a été effectuée. (0x12B)
[1222/154428.243:ERROR:process_memory_win.cc(73)] ReadMemory at 0x1800427d210 of 132 bytes failed: Seule une partie d’une requête ReadProcessMemory ou WriteProcessMemory a été effectuée. (0x12B)
[1222/154428.243:ERROR:process_memory_win.cc(73)] ReadMemory at 0x1800427d9f0 of 80 bytes failed: Seule une partie d’une requête ReadProcessMemory ou WriteProcessMemory a été effectuée. (0x12B)
[1222/154428.243:ERROR:process_memory_win.cc(73)] ReadMemory at 0x180042808b0 of 62 bytes failed: Seule une partie d’une requête ReadProcessMemory ou WriteProcessMemory a été effectuée. (0x12B)
[1222/154428.243:ERROR:process_memory_win.cc(73)] ReadMemory at 0x18004280900 of 62 bytes failed: Seule une partie d’une requête ReadProcessMemory ou WriteProcessMemory a été effectuée. (0x12B)
[1222/154428.243:ERROR:process_memory_win.cc(73)] ReadMemory at 0x18004280950 of 62 bytes failed: Seule une partie d’une requête ReadProcessMemory ou WriteProcessMemory a été effectuée. (0x12B)
[1222/154428.243:ERROR:process_memory_win.cc(73)] ReadMemory at 0x180042809a0 of 64 bytes failed: Seule une partie d’une requête ReadProcessMemory ou WriteProcessMemory a été effectuée. (0x12B)
[1222/154428.243:ERROR:process_memory_win.cc(73)] ReadMemory at 0x180042809f0 of 62 bytes failed: Seule une partie d’une requête ReadProcessMemory ou WriteProcessMemory a été effectuée. (0x12B)
[1222/154428.243:ERROR:process_memory_win.cc(73)] ReadMemory at 0x18004280ae0 of 60 bytes failed: Seule une partie d’une requête ReadProcessMemory ou WriteProcessMemory a été effectuée. (0x12B)
[1222/154428.243:ERROR:process_memory_win.cc(73)] ReadMemory at 0x18004280bd0 of 64 bytes failed: Seule une partie d’une requête ReadProcessMemory ou WriteProcessMemory a été effectuée. (0x12B)
[1222/154428.243:ERROR:process_memory_win.cc(73)] ReadMemory at 0x18004280c70 of 60 bytes failed: Seule une partie d’une requête ReadProcessMemory ou WriteProcessMemory a été effectuée. (0x12B)
[1222/154428.244:ERROR:process_memory_win.cc(73)] ReadMemory at 0x18004280cc0 of 62 bytes failed: Seule une partie d’une requête ReadProcessMemory ou WriteProcessMemory a été effectuée. (0x12B)
[1222/154428.244:ERROR:process_memory_win.cc(73)] ReadMemory at 0x18004280d10 of 58 bytes failed: Seule une partie d’une requête ReadProcessMemory ou WriteProcessMemory a été effectuée. (0x12B)
[1222/154428.244:ERROR:process_memory_win.cc(73)] ReadMemory at 0x18004280d60 of 66 bytes failed: Seule une partie d’une requête ReadProcessMemory ou WriteProcessMemory a été effectuée. (0x12B)
[1222/154428.244:ERROR:process_memory_win.cc(73)] ReadMemory at 0x18004280ea0 of 60 bytes failed: Seule une partie d’une requête ReadProcessMemory ou WriteProcessMemory a été effectuée. (0x12B)
[1222/154428.244:ERROR:process_memory_win.cc(73)] ReadMemory at 0x18004280ef0 of 62 bytes failed: Seule une partie d’une requête ReadProcessMemory ou WriteProcessMemory a été effectuée. (0x12B)
[1222/154428.244:ERROR:process_memory_win.cc(73)] ReadMemory at 0x18004281030 of 64 bytes failed: Seule une partie d’une requête ReadProcessMemory ou WriteProcessMemory a été effectuée. (0x12B)
[1222/154428.260:ERROR:process_memory_win.cc(73)] ReadMemory at 0x18004281080 of 62 bytes failed: Seule une partie d’une requête ReadProcessMemory ou WriteProcessMemory a été effectuée. (0x12B)
[1222/154428.260:ERROR:process_memory_win.cc(73)] ReadMemory at 0x180042810d0 of 62 bytes failed: Seule une partie d’une requête ReadProcessMemory ou WriteProcessMemory a été effectuée. (0x12B)
[1222/154428.270:ERROR:process_memory_win.cc(73)] ReadMemory at 0x18004281120 of 64 bytes failed: Seule une partie d’une requête ReadProcessMemory ou WriteProcessMemory a été effectuée. (0x12B)
[1222/154428.270:ERROR:process_memory_win.cc(73)] ReadMemory at 0x18004281350 of 60 bytes failed: Seule une partie d’une requête ReadProcessMemory ou WriteProcessMemory a été effectuée. (0x12B)
[1222/154428.270:ERROR:process_memory_win.cc(73)] ReadMemory at 0x18004281490 of 64 bytes failed: Seule une partie d’une requête ReadProcessMemory ou WriteProcessMemory a été effectuée. (0x12B)
[1222/154428.270:ERROR:process_memory_win.cc(73)] ReadMemory at 0x180042814e0 of 60 bytes failed: Seule une partie d’une requête ReadProcessMemory ou WriteProcessMemory a été effectuée. (0x12B)
[1222/154428.270:ERROR:process_memory_win.cc(73)] ReadMemory at 0x18004281530 of 62 bytes failed: Seule une partie d’une requête ReadProcessMemory ou WriteProcessMemory a été effectuée. (0x12B)
[1222/154428.270:ERROR:process_memory_win.cc(73)] ReadMemory at 0x18004281580 of 64 bytes failed: Seule une partie d’une requête ReadProcessMemory ou WriteProcessMemory a été effectuée. (0x12B)
[1222/154428.271:ERROR:process_memory_win.cc(73)] ReadMemory at 0x18004281710 of 60 bytes failed: Seule une partie d’une requête ReadProcessMemory ou WriteProcessMemory a été effectuée. (0x12B)
[1222/154428.271:ERROR:process_memory_win.cc(73)] ReadMemory at 0x18004281760 of 58 bytes failed: Seule une partie d’une requête ReadProcessMemory ou WriteProcessMemory a été effectuée. (0x12B)
[1222/154428.271:ERROR:process_memory_win.cc(73)] ReadMemory at 0x180042817b0 of 64 bytes failed: Seule une partie d’une requête ReadProcessMemory ou WriteProcessMemory a été effectuée. (0x12B)
[1222/154428.271:ERROR:process_memory_win.cc(73)] ReadMemory at 0x180042841b0 of 132 bytes failed: Seule une partie d’une requête ReadProcessMemory ou WriteProcessMemory a été effectuée. (0x12B)
[1222/154428.271:ERROR:process_memory_win.cc(73)] ReadMemory at 0x18004284390 of 132 bytes failed: Seule une partie d’une requête ReadProcessMemory ou WriteProcessMemory a été effectuée. (0x12B)
[1222/154428.271:ERROR:process_memory_win.cc(73)] ReadMemory at 0x18004284670 of 132 bytes failed: Seule une partie d’une requête ReadProcessMemory ou WriteProcessMemory a été effectuée. (0x12B)
[1222/154428.271:ERROR:process_memory_win.cc(73)] ReadMemory at 0x18004284850 of 132 bytes failed: Seule une partie d’une requête ReadProcessMemory ou WriteProcessMemory a été effectuée. (0x12B)
[1222/154428.271:ERROR:process_memory_win.cc(73)] ReadMemory at 0x18004284b20 of 132 bytes failed: Seule une partie d’une requête ReadProcessMemory ou WriteProcessMemory a été effectuée. (0x12B)
[1222/154428.271:ERROR:process_memory_win.cc(73)] ReadMemory at 0x18004284db0 of 132 bytes failed: Seule une partie d’une requête ReadProcessMemory ou WriteProcessMemory a été effectuée. (0x12B)
[1222/154428.272:ERROR:process_memory_win.cc(73)] ReadMemory at 0x18004284ed0 of 132 bytes failed: Seule une partie d’une requête ReadProcessMemory ou WriteProcessMemory a été effectuée. (0x12B)
[1222/154428.272:ERROR:process_memory_win.cc(73)] ReadMemory at 0x18004284ff0 of 132 bytes failed: Seule une partie d’une requête ReadProcessMemory ou WriteProcessMemory a été effectuée. (0x12B)
[1222/154428.272:ERROR:process_memory_win.cc(73)] ReadMemory at 0x18004285110 of 132 bytes failed: Seule une partie d’une requête ReadProcessMemory ou WriteProcessMemory a été effectuée. (0x12B)
[1222/154428.272:ERROR:process_memory_win.cc(73)] ReadMemory at 0x18004285230 of 132 bytes failed: Seule une partie d’une requête ReadProcessMemory ou WriteProcessMemory a été effectuée. (0x12B)
[1222/154428.272:ERROR:process_memory_win.cc(73)] ReadMemory at 0x18004285350 of 132 bytes failed: Seule une partie d’une requête ReadProcessMemory ou WriteProcessMemory a été effectuée. (0x12B)
[1222/154428.272:ERROR:process_memory_win.cc(73)] ReadMemory at 0x18004285470 of 132 bytes failed: Seule une partie d’une requête ReadProcessMemory ou WriteProcessMemory a été effectuée. (0x12B)
[1222/154428.272:ERROR:process_memory_win.cc(73)] ReadMemory at 0x18004285590 of 132 bytes failed: Seule une partie d’une requête ReadProcessMemory ou WriteProcessMemory a été effectuée. (0x12B)
[1222/154428.272:ERROR:process_memory_win.cc(73)] ReadMemory at 0x180042856b0 of 132 bytes failed: Seule une partie d’une requête ReadProcessMemory ou WriteProcessMemory a été effectuée. (0x12B)
[1222/154428.272:ERROR:process_memory_win.cc(73)] ReadMemory at 0x180042858f0 of 132 bytes failed: Seule une partie d’une requête ReadProcessMemory ou WriteProcessMemory a été effectuée. (0x12B)
[1222/154428.272:ERROR:process_memory_win.cc(73)] ReadMemory at 0x18004285a10 of 132 bytes failed: Seule une partie d’une requête ReadProcessMemory ou WriteProcessMemory a été effectuée. (0x12B)
[1222/154428.272:ERROR:process_memory_win.cc(73)] ReadMemory at 0x180042893b0 of 132 bytes failed: Seule une partie d’une requête ReadProcessMemory ou WriteProcessMemory a été effectuée. (0x12B)
[1222/154428.273:ERROR:process_memory_win.cc(73)] ReadMemory at 0x180042894d0 of 132 bytes failed: Seule une partie d’une requête ReadProcessMemory ou WriteProcessMemory a été effectuée. (0x12B)
[1222/154428.273:ERROR:process_memory_win.cc(73)] ReadMemory at 0x18004289830 of 132 bytes failed: Seule une partie d’une requête ReadProcessMemory ou WriteProcessMemory a été effectuée. (0x12B)
[1222/154428.273:ERROR:process_memory_win.cc(73)] ReadMemory at 0x18004289950 of 132 bytes failed: Seule une partie d’une requête ReadProcessMemory ou WriteProcessMemory a été effectuée. (0x12B)
[1222/154428.273:ERROR:process_memory_win.cc(73)] ReadMemory at 0x18004289a70 of 132 bytes failed: Seule une partie d’une requête ReadProcessMemory ou WriteProcessMemory a été effectuée. (0x12B)
[1222/154428.273:ERROR:process_memory_win.cc(73)] ReadMemory at 0x1800428a010 of 132 bytes failed: Seule une partie d’une requête ReadProcessMemory ou WriteProcessMemory a été effectuée. (0x12B)
[1222/154428.273:ERROR:process_memory_win.cc(73)] ReadMemory at 0x1800428a130 of 132 bytes failed: Seule une partie d’une requête ReadProcessMemory ou WriteProcessMemory a été effectuée. (0x12B)
[1222/154428.273:ERROR:process_memory_win.cc(73)] ReadMemory at 0x1800428a490 of 132 bytes failed: Seule une partie d’une requête ReadProcessMemory ou WriteProcessMemory a été effectuée. (0x12B)
[1222/154428.273:ERROR:process_memory_win.cc(73)] ReadMemory at 0x1800428a7f0 of 132 bytes failed: Seule une partie d’une requête ReadProcessMemory ou WriteProcessMemory a été effectuée. (0x12B)
[1222/154428.273:ERROR:process_memory_win.cc(73)] ReadMemory at 0x1800428d340 of 58 bytes failed: Seule une partie d’une requête ReadProcessMemory ou WriteProcessMemory a été effectuée. (0x12B)
[1222/154428.273:ERROR:process_memory_win.cc(73)] ReadMemory at 0x180042c6ca0 of 512 bytes failed: Seule une partie d’une requête ReadProcessMemory ou WriteProcessMemory a été effectuée. (0x12B)
[1222/154428.274:ERROR:process_memory_win.cc(73)] ReadMemory at 0x180042cf870 of 560 bytes failed: Seule une partie d’une requête ReadProcessMemory ou WriteProcessMemory a été effectuée. (0x12B)
[1222/154428.274:ERROR:process_memory_win.cc(73)] ReadMemory at 0x180042e8fd0 of 512 bytes failed: Seule une partie d’une requête ReadProcessMemory ou WriteProcessMemory a été effectuée. (0x12B)
[1222/154428.274:ERROR:process_memory_win.cc(73)] ReadMemory at 0x180042ee700 of 512 bytes failed: Seule une partie d’une requête ReadProcessMemory ou WriteProcessMemory a été effectuée. (0x12B)
[1222/154428.274:ERROR:process_memory_win.cc(73)] ReadMemory at 0x180042ef250 of 712 bytes failed: Seule une partie d’une requête ReadProcessMemory ou WriteProcessMemory a été effectuée. (0x12B)
[1222/154428.274:ERROR:process_memory_win.cc(73)] ReadMemory at 0x180043238b0 of 560 bytes failed: Seule une partie d’une requête ReadProcessMemory ou WriteProcessMemory a été effectuée. (0x12B)
[1222/154428.274:ERROR:process_memory_win.cc(73)] ReadMemory at 0x18004338c30 of 512 bytes failed: Seule une partie d’une requête ReadProcessMemory ou WriteProcessMemory a été effectuée. (0x12B)
[1222/154428.274:ERROR:process_memory_win.cc(73)] ReadMemory at 0x1800433ac50 of 512 bytes failed: Seule une partie d’une requête ReadProcessMemory ou WriteProcessMemory a été effectuée. (0x12B)
[1222/154428.313:ERROR:process_memory_win.cc(73)] ReadMemory at 0x180043460e0 of 512 bytes failed: Seule une partie d’une requête ReadProcessMemory ou WriteProcessMemory a été effectuée. (0x12B)
[1222/154428.313:ERROR:process_memory_win.cc(73)] ReadMemory at 0x1800435a950 of 512 bytes failed: Seule une partie d’une requête ReadProcessMemory ou WriteProcessMemory a été effectuée. (0x12B)
[1222/154428.313:ERROR:process_memory_win.cc(73)] ReadMemory at 0x180046cb750 of 512 bytes failed: Seule une partie d’une requête ReadProcessMemory ou WriteProcessMemory a été effectuée. (0x12B)
[1222/154428.313:ERROR:process_memory_win.cc(73)] ReadMemory at 0x18004701da0 of 512 bytes failed: Seule une partie d’une requête ReadProcessMemory ou WriteProcessMemory a été effectuée. (0x12B)
[1222/154428.313:ERROR:process_memory_win.cc(73)] ReadMemory at 0x18004717020 of 512 bytes failed: Seule une partie d’une requête ReadProcessMemory ou WriteProcessMemory a été effectuée. (0x12B)
[1222/154428.313:ERROR:process_memory_win.cc(73)] ReadMemory at 0x180060b2168 of 512 bytes failed: Seule une partie d’une requête ReadProcessMemory ou WriteProcessMemory a été effectuée. (0x12B)
[1222/154428.314:ERROR:process_memory_win.cc(73)] ReadMemory at 0x18006101a80 of 512 bytes failed: Seule une partie d’une requête ReadProcessMemory ou WriteProcessMemory a été effectuée. (0x12B)
[1222/154428.381:ERROR:process_memory_win.cc(73)] ReadMemory at 0x1800614b100 of 512 bytes failed: Seule une partie d’une requête ReadProcessMemory ou WriteProcessMemory a été effectuée. (0x12B)
[1222/154428.382:ERROR:process_memory_win.cc(73)] ReadMemory at 0x18006184acc of 512 bytes failed: Seule une partie d’une requête ReadProcessMemory ou WriteProcessMemory a été effectuée. (0x12B)
[1222/154428.382:ERROR:process_memory_win.cc(73)] ReadMemory at 0x180062b0000 of 384 bytes failed: Seule une partie d’une requête ReadProcessMemory ou WriteProcessMemory a été effectuée. (0x12B)
[1222/154428.382:ERROR:process_memory_win.cc(73)] ReadMemory at 0x180069c4d10 of 512 bytes failed: Seule une partie d’une requête ReadProcessMemory ou WriteProcessMemory a été effectuée. (0x12B)
[1222/154428.382:ERROR:process_memory_win.cc(73)] ReadMemory at 0x4064815afaf0 of 512 bytes failed: Seule une partie d’une requête ReadProcessMemory ou WriteProcessMemory a été effectuée. (0x12B)
[1222/154428.382:ERROR:process_memory_win.cc(73)] ReadMemory at 0x4ace778478a8 of 512 bytes failed: Seule une partie d’une requête ReadProcessMemory ou WriteProcessMemory a été effectuée. (0x12B)
[1222/154428.382:ERROR:process_memory_win.cc(73)] ReadMemory at 0x68188562dc90 of 512 bytes failed: Seule une partie d’une requête ReadProcessMemory ou WriteProcessMemory a été effectuée. (0x12B)
[1222/154428.382:ERROR:process_memory_win.cc(73)] ReadMemory at 0x7a34cc718900 of 512 bytes failed: Seule une partie d’une requête ReadProcessMemory ou WriteProcessMemory a été effectuée. (0x12B)
[1222/154428.382:ERROR:process_memory_win.cc(73)] ReadMemory at 0x7a34cc74c700 of 512 bytes failed: Seule une partie d’une requête ReadProcessMemory ou WriteProcessMemory a été effectuée. (0x12B)
[1222/154428.382:ERROR:process_memory_win.cc(73)] ReadMemory at 0x7a34d76d4780 of 512 bytes failed: Seule une partie d’une requête ReadProcessMemory ou WriteProcessMemory a été effectuée. (0x12B)
[1222/154428.382:ERROR:process_memory_win.cc(73)] ReadMemory at 0x7ff8442836fb of 512 bytes failed: Seule une partie d’une requête ReadProcessMemory ou WriteProcessMemory a été effectuée. (0x12B)
[1222/154428.382:ERROR:process_memory_win.cc(73)] ReadMemory at 0x7ff846bb3776 of 512 bytes failed: Seule une partie d’une requête ReadProcessMemory ou WriteProcessMemory a été effectuée. (0x12B)
[1222/154428.383:ERROR:process_memory_win.cc(73)] ReadMemory at 0x7ff84be9f000 of 512 bytes failed: Seule une partie d’une requête ReadProcessMemory ou WriteProcessMemory a été effectuée. (0x12B)
[1222/154428.383:ERROR:process_memory_win.cc(73)] ReadMemory at 0x7ff880d6a220 of 512 bytes failed: Seule une partie d’une requête ReadProcessMemory ou WriteProcessMemory a été effectuée. (0x12B)
[1222/154428.383:ERROR:process_memory_win.cc(73)] ReadMemory at 0x7ff880d6a917 of 512 bytes failed: Seule une partie d’une requête ReadProcessMemory ou WriteProcessMemory a été effectuée. (0x12B)
[1222/154428.383:ERROR:process_memory_win.cc(73)] ReadMemory at 0x7ff8a727d7c0 of 512 bytes failed: Seule une partie d’une requête ReadProcessMemory ou WriteProcessMemory a été effectuée. (0x12B)
[1222/154428.383:ERROR:process_memory_win.cc(73)] ReadMemory at 0x7ff8a97199a0 of 512 bytes failed: Seule une partie d’une requête ReadProcessMemory ou WriteProcessMemory a été effectuée. (0x12B)
[1222/154428.383:ERROR:process_memory_win.cc(73)] ReadMemory at 0x7ff8a973ddb0 of 512 bytes failed: Seule une partie d’une requête ReadProcessMemory ou WriteProcessMemory a été effectuée. (0x12B)
[1222/154428.383:ERROR:process_memory_win.cc(73)] ReadMemory at 0x7ff8a97b4d54 of 672 bytes failed: Seule une partie d’une requête ReadProcessMemory ou WriteProcessMemory a été effectuée. (0x12B)
[1222/154428.383:ERROR:process_memory_win.cc(73)] ReadMemory at 0x7ff8a97b8384 of 608 bytes failed: Seule une partie d’une requête ReadProcessMemory ou WriteProcessMemory a été effectuée. (0x12B)
[1222/154428.383:ERROR:process_memory_win.cc(73)] ReadMemory at 0x7ff8a98211a0 of 18 bytes failed: Seule une partie d’une requête ReadProcessMemory ou WriteProcessMemory a été effectuée. (0x12B)
[1222/154428.383:ERROR:process_memory_win.cc(73)] ReadMemory at 0x7ff8a98521e0 of 40 bytes failed: Seule une partie d’une requête ReadProcessMemory ou WriteProcessMemory a été effectuée. (0x12B)
[1222/154428.384:ERROR:process_memory_win.cc(73)] ReadMemory at 0x7ff8a9852d48 of 48 bytes failed: Seule une partie d’une requête ReadProcessMemory ou WriteProcessMemory a été effectuée. (0x12B)
[1222/154428.384:ERROR:process_memory_win.cc(73)] ReadMemory at 0x7ff8a9855200 of 64 bytes failed: Seule une partie d’une requête ReadProcessMemory ou WriteProcessMemory a été effectuée. (0x12B)
[1222/154428.549:ERROR:scoped_process_suspend.cc(40)] NtResumeProcess: Tentative d’accès à un processus en cours d’arrêt. (0xc000010a)
[1222/155917.327:ERROR:directory_reader_win.cc(43)] FindFirstFile: Le chemin d’accès spécifié est introuvable. (0x3)
